#
# There is insufficient memory for the Java Runtime Environment to continue.
# Native memory allocation (malloc) failed to allocate 1023856 bytes for Chunk::new
# Possible reasons:
#   The system is out of physical RAM or swap space
#   In 32 bit mode, the process size limit was hit
# Possible solutions:
#   Reduce memory load on the system
#   Increase physical memory or swap space
#   Check if swap backing store is full
#   Use 64 bit Java on a 64 bit OS
#   Decrease Java heap size (-Xmx/-Xms)
#   Decrease number of Java threads
#   Decrease Java thread stack sizes (-Xss)
#   Set larger code cache with -XX:ReservedCodeCacheSize=
# This output file may be truncated or incomplete.
#
#  Out of Memory Error (allocation.cpp:390), pid=4156, tid=14944
#
# JRE version: Java(TM) SE Runtime Environment (8.0_20-b26) (build 1.8.0_20-b26)
# Java VM: Java HotSpot(TM) 64-Bit Server VM (25.20-b23 mixed mode windows-amd64 compressed oops)
# Failed to write core dump. Minidumps are not enabled by default on client versions of Windows
#

---------------  T H R E A D  ---------------

Current thread (0x00000000156ea000):  JavaThread "C2 CompilerThread0" daemon [_thread_in_native, id=14944, stack(0x0000000016be0000,0x0000000016ce0000)]

Stack: [0x0000000016be0000,0x0000000016ce0000]
Native frames: (J=compiled Java code, j=interpreted, Vv=VM code, C=native code)
V  [jvm.dll+0x3152fa]
V  [jvm.dll+0x265d03]
V  [jvm.dll+0x266943]
V  [jvm.dll+0x25e265]
V  [jvm.dll+0xbe255]
V  [jvm.dll+0xbe6fc]
V  [jvm.dll+0x45c472]
V  [jvm.dll+0x49d76f]
V  [jvm.dll+0x451911]
V  [jvm.dll+0x452634]
V  [jvm.dll+0x435fc2]
V  [jvm.dll+0x97b62]
V  [jvm.dll+0x98353]
V  [jvm.dll+0x22aac4]
V  [jvm.dll+0x283f5a]
C  [msvcr100.dll+0x21d9f]
C  [msvcr100.dll+0x21e3b]
C  [KERNEL32.DLL+0x16ad]
C  [ntdll.dll+0x734a5]


Current CompileTask:
C2:   8317 1829       4       com.android.dx.ssa.SCCP::simulatePhi (169 bytes)


---------------  P R O C E S S  ---------------

Java Threads: ( => current thread )
  0x0000000016ffa800 JavaThread "pool-1-thread-4" [_thread_in_Java, id=16148, stack(0x00000000180e0000,0x00000000181e0000)]
  0x0000000016ff9800 JavaThread "pool-1-thread-3" [_thread_blocked, id=12988, stack(0x0000000017fe0000,0x00000000180e0000)]
  0x0000000016fed000 JavaThread "pool-1-thread-2" [_thread_in_Java, id=13152, stack(0x0000000017ee0000,0x0000000017fe0000)]
  0x0000000016fc9000 JavaThread "pool-2-thread-1" [_thread_blocked, id=1924, stack(0x0000000017de0000,0x0000000017ee0000)]
  0x0000000016fc6800 JavaThread "pool-1-thread-1" [_thread_in_Java, id=9284, stack(0x0000000017ce0000,0x0000000017de0000)]
  0x0000000016d39000 JavaThread "Service Thread" daemon [_thread_blocked, id=12704, stack(0x00000000172e0000,0x00000000173e0000)]
  0x0000000016d33800 JavaThread "C1 CompilerThread2" daemon [_thread_blocked, id=10868, stack(0x00000000171e0000,0x00000000172e0000)]
  0x0000000016d2f800 JavaThread "C2 CompilerThread1" daemon [_thread_in_native, id=12600, stack(0x00000000170e0000,0x00000000171e0000)]
=>0x00000000156ea000 JavaThread "C2 CompilerThread0" daemon [_thread_in_native, id=14944, stack(0x0000000016be0000,0x0000000016ce0000)]
  0x00000000156e9800 JavaThread "Attach Listener" daemon [_thread_blocked, id=7076, stack(0x0000000016ae0000,0x0000000016be0000)]
  0x000000001569e800 JavaThread "Signal Dispatcher" daemon [_thread_blocked, id=10552, stack(0x00000000169e0000,0x0000000016ae0000)]
  0x0000000015657800 JavaThread "Finalizer" daemon [_thread_blocked, id=12412, stack(0x00000000168e0000,0x00000000169e0000)]
  0x0000000002faf800 JavaThread "Reference Handler" daemon [_thread_blocked, id=8752, stack(0x00000000167e0000,0x00000000168e0000)]
  0x0000000002ebe000 JavaThread "main" [_thread_blocked, id=11552, stack(0x0000000002d10000,0x0000000002e10000)]

Other Threads:
  0x0000000015656800 VMThread [stack: 0x00000000166e0000,0x00000000167e0000] [id=5388]
  0x0000000016d65800 WatcherThread [stack: 0x00000000173e0000,0x00000000174e0000] [id=4768]

VM state:not at safepoint (normal execution)

VM Mutex/Monitor currently owned by a thread: None

Heap:
 PSYoungGen      total 27136K, used 5857K [0x00000000eab00000, 0x00000000efc00000, 0x0000000100000000)
  eden space 24576K, 13% used [0x00000000eab00000,0x00000000eae3b128,0x00000000ec300000)
  from space 2560K, 99% used [0x00000000ecc80000,0x00000000ecefd2f0,0x00000000ecf00000)
  to   space 9728K, 0% used [0x00000000ec300000,0x00000000ec300000,0x00000000ecc80000)
 ParOldGen       total 42496K, used 21248K [0x00000000c0000000, 0x00000000c2980000, 0x00000000eab00000)
  object space 42496K, 50% used [0x00000000c0000000,0x00000000c14c0368,0x00000000c2980000)
 Metaspace       used 6307K, capacity 7152K, committed 7296K, reserved 1056768K
  class space    used 592K, capacity 616K, committed 640K, reserved 1048576K

Card table byte_map: [0x0000000012380000,0x0000000012590000] byte_map_base: 0x0000000011d80000

Marking Bits: (ParMarkBitMap*) 0x0000000051c2b460
 Begin Bits: [0x0000000012af0000, 0x0000000013af0000)
 End Bits:   [0x0000000013af0000, 0x0000000014af0000)

Polling page: 0x00000000010e0000

CodeCache: size=245760Kb used=7464Kb max_used=7464Kb free=238295Kb
 bounds [0x0000000002fc0000, 0x0000000003720000, 0x0000000011fc0000]
 total_blobs=2075 nmethods=1808 adapters=180
 compilation: enabled

Compilation events (10 events):
Event: 8.210 Thread 0x0000000016d33800 1876       2       com.android.dx.command.dexer.Main$ClassTranslatorTask::call (5 bytes)
Event: 8.210 Thread 0x0000000016d33800 nmethod 1876 0x0000000003705390 code [0x0000000003705500, 0x0000000003705688]
Event: 8.211 Thread 0x0000000016d33800 1877   !   2       com.android.dx.dex.cf.CfTranslator::translate (44 bytes)
Event: 8.211 Thread 0x0000000016d33800 nmethod 1877 0x0000000003704b90 code [0x0000000003704d40, 0x00000000037050c8]
Event: 8.211 Thread 0x0000000016d33800 1878       2       com.android.dx.dex.file.ClassDataItem::<init> (96 bytes)
Event: 8.212 Thread 0x0000000016d33800 nmethod 1878 0x0000000003704210 code [0x0000000003704400, 0x0000000003704968]
Event: 8.212 Thread 0x0000000016d33800 1879       2       com.android.dx.dex.file.AnnotationsDirectoryItem::<init> (27 bytes)
Event: 8.212 Thread 0x0000000016d33800 nmethod 1879 0x0000000003703e10 code [0x0000000003703f80, 0x0000000003704168]
Event: 8.217 Thread 0x0000000016d33800 1880       2       com.android.dx.rop.cst.CstString::<init> (42 bytes)
Event: 8.218 Thread 0x0000000016d33800 nmethod 1880 0x00000000037037d0 code [0x0000000003703960, 0x0000000003703c58]

GC Heap History (10 events):
Event: 4.920 GC heap before
{Heap before GC invocations=2 (full 0):
 PSYoungGen      total 18432K, used 18419K [0x00000000eab00000, 0x00000000ecf00000, 0x0000000100000000)
  eden space 15872K, 100% used [0x00000000eab00000,0x00000000eba80000,0x00000000eba80000)
  from space 2560K, 99% used [0x00000000eba80000,0x00000000ebcfcf70,0x00000000ebd00000)
  to   space 2560K, 0% used [0x00000000ecc80000,0x00000000ecc80000,0x00000000ecf00000)
 ParOldGen       total 42496K, used 1072K [0x00000000c0000000, 0x00000000c2980000, 0x00000000eab00000)
  object space 42496K, 2% used [0x00000000c0000000,0x00000000c010c1d8,0x00000000c2980000)
 Metaspace       used 5973K, capacity 6896K, committed 7040K, reserved 1056768K
  class space    used 588K, capacity 616K, committed 640K, reserved 1048576K
Event: 4.990 GC heap after
Heap after GC invocations=2 (full 0):
 PSYoungGen      total 34304K, used 2558K [0x00000000eab00000, 0x00000000ecf00000, 0x0000000100000000)
  eden space 31744K, 0% used [0x00000000eab00000,0x00000000eab00000,0x00000000eca00000)
  from space 2560K, 99% used [0x00000000ecc80000,0x00000000eceffa20,0x00000000ecf00000)
  to   space 2560K, 0% used [0x00000000eca00000,0x00000000eca00000,0x00000000ecc80000)
 ParOldGen       total 42496K, used 2716K [0x00000000c0000000, 0x00000000c2980000, 0x00000000eab00000)
  object space 42496K, 6% used [0x00000000c0000000,0x00000000c02a7300,0x00000000c2980000)
 Metaspace       used 5973K, capacity 6896K, committed 7040K, reserved 1056768K
  class space    used 588K, capacity 616K, committed 640K, reserved 1048576K
}
Event: 5.816 GC heap before
{Heap before GC invocations=3 (full 0):
 PSYoungGen      total 34304K, used 34302K [0x00000000eab00000, 0x00000000ecf00000, 0x0000000100000000)
  eden space 31744K, 100% used [0x00000000eab00000,0x00000000eca00000,0x00000000eca00000)
  from space 2560K, 99% used [0x00000000ecc80000,0x00000000eceffa20,0x00000000ecf00000)
  to   space 2560K, 0% used [0x00000000eca00000,0x00000000eca00000,0x00000000ecc80000)
 ParOldGen       total 42496K, used 2716K [0x00000000c0000000, 0x00000000c2980000, 0x00000000eab00000)
  object space 42496K, 6% used [0x00000000c0000000,0x00000000c02a7300,0x00000000c2980000)
 Metaspace       used 6168K, capacity 7088K, committed 7296K, reserved 1056768K
  class space    used 589K, capacity 616K, committed 640K, reserved 1048576K
Event: 5.971 GC heap after
Heap after GC invocations=3 (full 0):
 PSYoungGen      total 34304K, used 2548K [0x00000000eab00000, 0x00000000ecf00000, 0x0000000100000000)
  eden space 31744K, 0% used [0x00000000eab00000,0x00000000eab00000,0x00000000eca00000)
  from space 2560K, 99% used [0x00000000eca00000,0x00000000ecc7d2f0,0x00000000ecc80000)
  to   space 2560K, 0% used [0x00000000ecc80000,0x00000000ecc80000,0x00000000ecf00000)
 ParOldGen       total 42496K, used 7323K [0x00000000c0000000, 0x00000000c2980000, 0x00000000eab00000)
  object space 42496K, 17% used [0x00000000c0000000,0x00000000c0726c48,0x00000000c2980000)
 Metaspace       used 6168K, capacity 7088K, committed 7296K, reserved 1056768K
  class space    used 589K, capacity 616K, committed 640K, reserved 1048576K
}
Event: 6.462 GC heap before
{Heap before GC invocations=4 (full 0):
 PSYoungGen      total 34304K, used 34292K [0x00000000eab00000, 0x00000000ecf00000, 0x0000000100000000)
  eden space 31744K, 100% used [0x00000000eab00000,0x00000000eca00000,0x00000000eca00000)
  from space 2560K, 99% used [0x00000000eca00000,0x00000000ecc7d2f0,0x00000000ecc80000)
  to   space 2560K, 0% used [0x00000000ecc80000,0x00000000ecc80000,0x00000000ecf00000)
 ParOldGen       total 42496K, used 7323K [0x00000000c0000000, 0x00000000c2980000, 0x00000000eab00000)
  object space 42496K, 17% used [0x00000000c0000000,0x00000000c0726c48,0x00000000c2980000)
 Metaspace       used 6212K, capacity 7088K, committed 7296K, reserved 1056768K
  class space    used 589K, capacity 616K, committed 640K, reserved 1048576K
Event: 6.487 GC heap after
Heap after GC invocations=4 (full 0):
 PSYoungGen      total 34304K, used 2559K [0x00000000eab00000, 0x00000000eee00000, 0x0000000100000000)
  eden space 31744K, 0% used [0x00000000eab00000,0x00000000eab00000,0x00000000eca00000)
  from space 2560K, 99% used [0x00000000ecc80000,0x00000000eceffef8,0x00000000ecf00000)
  to   space 2560K, 0% used [0x00000000eca00000,0x00000000eca00000,0x00000000ecc80000)
 ParOldGen       total 42496K, used 11632K [0x00000000c0000000, 0x00000000c2980000, 0x00000000eab00000)
  object space 42496K, 27% used [0x00000000c0000000,0x00000000c0b5c2b0,0x00000000c2980000)
 Metaspace       used 6212K, capacity 7088K, committed 7296K, reserved 1056768K
  class space    used 589K, capacity 616K, committed 640K, reserved 1048576K
}
Event: 7.597 GC heap before
{Heap before GC invocations=5 (full 0):
 PSYoungGen      total 34304K, used 34303K [0x00000000eab00000, 0x00000000eee00000, 0x0000000100000000)
  eden space 31744K, 100% used [0x00000000eab00000,0x00000000eca00000,0x00000000eca00000)
  from space 2560K, 99% used [0x00000000ecc80000,0x00000000eceffef8,0x00000000ecf00000)
  to   space 2560K, 0% used [0x00000000eca00000,0x00000000eca00000,0x00000000ecc80000)
 ParOldGen       total 42496K, used 11632K [0x00000000c0000000, 0x00000000c2980000, 0x00000000eab00000)
  object space 42496K, 27% used [0x00000000c0000000,0x00000000c0b5c2b0,0x00000000c2980000)
 Metaspace       used 6265K, capacity 7088K, committed 7296K, reserved 1056768K
  class space    used 591K, capacity 616K, committed 640K, reserved 1048576K
Event: 7.703 GC heap after
Heap after GC invocations=5 (full 0):
 PSYoungGen      total 34304K, used 2543K [0x00000000eab00000, 0x00000000eee00000, 0x0000000100000000)
  eden space 31744K, 0% used [0x00000000eab00000,0x00000000eab00000,0x00000000eca00000)
  from space 2560K, 99% used [0x00000000eca00000,0x00000000ecc7bf08,0x00000000ecc80000)
  to   space 2560K, 0% used [0x00000000ecc80000,0x00000000ecc80000,0x00000000ecf00000)
 ParOldGen       total 42496K, used 16588K [0x00000000c0000000, 0x00000000c2980000, 0x00000000eab00000)
  object space 42496K, 39% used [0x00000000c0000000,0x00000000c10333c0,0x00000000c2980000)
 Metaspace       used 6265K, capacity 7088K, committed 7296K, reserved 1056768K
  class space    used 591K, capacity 616K, committed 640K, reserved 1048576K
}
Event: 8.219 GC heap before
{Heap before GC invocations=6 (full 0):
 PSYoungGen      total 34304K, used 34287K [0x00000000eab00000, 0x00000000eee00000, 0x0000000100000000)
  eden space 31744K, 100% used [0x00000000eab00000,0x00000000eca00000,0x00000000eca00000)
  from space 2560K, 99% used [0x00000000eca00000,0x00000000ecc7bf08,0x00000000ecc80000)
  to   space 2560K, 0% used [0x00000000ecc80000,0x00000000ecc80000,0x00000000ecf00000)
 ParOldGen       total 42496K, used 16588K [0x00000000c0000000, 0x00000000c2980000, 0x00000000eab00000)
  object space 42496K, 39% used [0x00000000c0000000,0x00000000c10333c0,0x00000000c2980000)
 Metaspace       used 6307K, capacity 7152K, committed 7296K, reserved 1056768K
  class space    used 592K, capacity 616K, committed 640K, reserved 1048576K
Event: 8.266 GC heap after
Heap after GC invocations=6 (full 0):
 PSYoungGen      total 27136K, used 2548K [0x00000000eab00000, 0x00000000efc00000, 0x0000000100000000)
  eden space 24576K, 0% used [0x00000000eab00000,0x00000000eab00000,0x00000000ec300000)
  from space 2560K, 99% used [0x00000000ecc80000,0x00000000ecefd2f0,0x00000000ecf00000)
  to   space 9728K, 0% used [0x00000000ec300000,0x00000000ec300000,0x00000000ecc80000)
 ParOldGen       total 42496K, used 21248K [0x00000000c0000000, 0x00000000c2980000, 0x00000000eab00000)
  object space 42496K, 50% used [0x00000000c0000000,0x00000000c14c0368,0x00000000c2980000)
 Metaspace       used 6307K, capacity 7152K, committed 7296K, reserved 1056768K
  class space    used 592K, capacity 616K, committed 640K, reserved 1048576K
}

Deoptimization events (10 events):
Event: 7.358 Thread 0x0000000016ffa800 Uncommon trap: reason=class_check action=maybe_recompile pc=0x0000000003455e30 method=com.android.dx.ssa.NormalSsaInsn.accept(Lcom/android/dx/ssa/SsaInsn$Visitor;)V @ 9
Event: 7.358 Thread 0x0000000016ffa800 Uncommon trap: reason=class_check action=maybe_recompile pc=0x0000000003455e30 method=com.android.dx.ssa.NormalSsaInsn.accept(Lcom/android/dx/ssa/SsaInsn$Visitor;)V @ 9
Event: 7.358 Thread 0x0000000016ffa800 Uncommon trap: reason=class_check action=maybe_recompile pc=0x0000000003455e30 method=com.android.dx.ssa.NormalSsaInsn.accept(Lcom/android/dx/ssa/SsaInsn$Visitor;)V @ 9
Event: 7.378 Thread 0x0000000016fc6800 Uncommon trap: reason=bimorphic action=maybe_recompile pc=0x0000000003224628 method=java.util.HashMap.getNode(ILjava/lang/Object;)Ljava/util/HashMap$Node; @ 126
Event: 7.378 Thread 0x0000000016fc6800 Uncommon trap: reason=class_check action=maybe_recompile pc=0x0000000003465d3c method=java.util.HashMap.putVal(ILjava/lang/Object;Ljava/lang/Object;ZZ)Ljava/lang/Object; @ 203
Event: 7.379 Thread 0x0000000016fc6800 Uncommon trap: reason=bimorphic action=maybe_recompile pc=0x0000000003224628 method=java.util.HashMap.getNode(ILjava/lang/Object;)Ljava/util/HashMap$Node; @ 126
Event: 7.379 Thread 0x0000000016fc6800 Uncommon trap: reason=class_check action=maybe_recompile pc=0x0000000003465d3c method=java.util.HashMap.putVal(ILjava/lang/Object;Ljava/lang/Object;ZZ)Ljava/lang/Object; @ 203
Event: 7.430 Thread 0x0000000016fed000 Uncommon trap: reason=class_check action=maybe_recompile pc=0x000000000343b468 method=com.android.dx.ssa.NormalSsaInsn.accept(Lcom/android/dx/ssa/SsaInsn$Visitor;)V @ 9
Event: 7.432 Thread 0x0000000016fed000 Uncommon trap: reason=unreached action=reinterpret pc=0x00000000035f5d20 method=com.android.dx.ssa.SsaMethod.updateOneDefinition(Lcom/android/dx/ssa/SsaInsn;Lcom/android/dx/rop/code/RegisterSpec;)V @ 30
Event: 7.485 Thread 0x0000000016ff9800 Uncommon trap: reason=bimorphic action=maybe_recompile pc=0x000000000322fdf0 method=java.util.HashMap.getNode(ILjava/lang/Object;)Ljava/util/HashMap$Node; @ 126

Internal exceptions (10 events):
Event: 4.099 Thread 0x0000000016fed000 Exception <a 'java/security/PrivilegedActionException'> (0x00000000eb9797d0) thrown at [D:\re\workspace\8-2-build-windows-amd64-cygwin\jdk8u20\1074\hotspot\src\share\vm\prims\jvm.cpp, line 1275]
Event: 4.102 Thread 0x0000000016fed000 Exception <a 'java/security/PrivilegedActionException'> (0x00000000eb981780) thrown at [D:\re\workspace\8-2-build-windows-amd64-cygwin\jdk8u20\1074\hotspot\src\share\vm\prims\jvm.cpp, line 1275]
Event: 4.267 Thread 0x0000000016fc6800 Exception <a 'java/security/PrivilegedActionException'> (0x00000000eac5e700) thrown at [D:\re\workspace\8-2-build-windows-amd64-cygwin\jdk8u20\1074\hotspot\src\share\vm\prims\jvm.cpp, line 1275]
Event: 4.699 Thread 0x0000000016fed000 Implicit null exception at 0x0000000003287cf0 to 0x00000000032895cd
Event: 4.744 Thread 0x0000000002ebe000 Exception <a 'java/security/PrivilegedActionException'> (0x00000000eb6306f0) thrown at [D:\re\workspace\8-2-build-windows-amd64-cygwin\jdk8u20\1074\hotspot\src\share\vm\prims\jvm.cpp, line 1275]
Event: 4.746 Thread 0x0000000016fed000 Exception <a 'java/security/PrivilegedActionException'> (0x00000000eb5b0630) thrown at [D:\re\workspace\8-2-build-windows-amd64-cygwin\jdk8u20\1074\hotspot\src\share\vm\prims\jvm.cpp, line 1275]
Event: 5.487 Thread 0x0000000016fed000 Exception <a 'java/security/PrivilegedActionException'> (0x00000000ec006cf0) thrown at [D:\re\workspace\8-2-build-windows-amd64-cygwin\jdk8u20\1074\hotspot\src\share\vm\prims\jvm.cpp, line 1275]
Event: 5.518 Thread 0x0000000002ebe000 Exception <a 'java/security/PrivilegedActionException'> (0x00000000ec21c660) thrown at [D:\re\workspace\8-2-build-windows-amd64-cygwin\jdk8u20\1074\hotspot\src\share\vm\prims\jvm.cpp, line 1275]
Event: 7.492 Thread 0x0000000002ebe000 Exception <a 'java/security/PrivilegedActionException'> (0x00000000ec56fbb8) thrown at [D:\re\workspace\8-2-build-windows-amd64-cygwin\jdk8u20\1074\hotspot\src\share\vm\prims\jvm.cpp, line 1275]
Event: 7.716 Thread 0x0000000002ebe000 Exception <a 'java/security/PrivilegedActionException'> (0x00000000ead4c7b8) thrown at [D:\re\workspace\8-2-build-windows-amd64-cygwin\jdk8u20\1074\hotspot\src\share\vm\prims\jvm.cpp, line 1275]

Events (10 events):
Event: 7.506 Thread 0x0000000002ebe000 DEOPT PACKING pc=0x00000000035b59e1 sp=0x0000000002e0e610
Event: 7.506 Thread 0x0000000002ebe000 DEOPT UNPACKING pc=0x00000000030075bf sp=0x0000000002e0e3d0 mode 0
Event: 7.514 Thread 0x0000000002ebe000 DEOPT PACKING pc=0x00000000035b8181 sp=0x0000000002e0e710
Event: 7.514 Thread 0x0000000002ebe000 DEOPT UNPACKING pc=0x00000000030075bf sp=0x0000000002e0e520 mode 0
Event: 7.531 Executing VM operation: ParallelGCFailedAllocation
Event: 7.703 Executing VM operation: ParallelGCFailedAllocation done
Event: 7.716 loading class com/android/dx/cf/code/BytecodeArray$ConstantParserVisitor
Event: 7.716 loading class com/android/dx/cf/code/BytecodeArray$ConstantParserVisitor done
Event: 8.218 Executing VM operation: ParallelGCFailedAllocation
Event: 8.266 Executing VM operation: ParallelGCFailedAllocation done


Dynamic libraries:
0x00007ff637200000 - 0x00007ff637234000 	C:\Program Files\Java\jdk1.8.0_20\bin\java.exe
0x00007ff802400000 - 0x00007ff8025aa000 	C:\WINDOWS\SYSTEM32\ntdll.dll
0x00007ff801aa0000 - 0x00007ff801bda000 	C:\WINDOWS\system32\KERNEL32.DLL
0x00007fffffa10000 - 0x00007fffffb1f000 	C:\WINDOWS\system32\KERNELBASE.dll
0x00007ffffe380000 - 0x00007ffffe408000 	C:\WINDOWS\system32\apphelp.dll
0x00007ffff3ca0000 - 0x00007ffff3cef000 	C:\WINDOWS\AppPatch\AppPatch64\AcGenral.DLL
0x00007fffffd50000 - 0x00007fffffdf7000 	C:\WINDOWS\system32\msvcrt.dll
0x00007fffff530000 - 0x00007fffff55b000 	C:\WINDOWS\SYSTEM32\SspiCli.dll
0x00007ff8020b0000 - 0x00007ff802101000 	C:\WINDOWS\system32\SHLWAPI.dll
0x00007ff801d30000 - 0x00007ff801ea1000 	C:\WINDOWS\system32\USER32.dll
0x00007fffffbd0000 - 0x00007fffffd48000 	C:\WINDOWS\system32\ole32.dll
0x00007ff800400000 - 0x00007ff80181f000 	C:\WINDOWS\system32\SHELL32.dll
0x00007ffffed60000 - 0x00007ffffed7e000 	C:\WINDOWS\SYSTEM32\USERENV.dll
0x00007ff8000d0000 - 0x00007ff800175000 	C:\WINDOWS\system32\ADVAPI32.dll
0x00007ffff4ed0000 - 0x00007ffff4eeb000 	C:\WINDOWS\SYSTEM32\MPR.dll
0x00007ff801880000 - 0x00007ff8019b7000 	C:\WINDOWS\system32\RPCRT4.dll
0x00007ff801be0000 - 0x00007ff801c37000 	C:\WINDOWS\SYSTEM32\sechost.dll
0x00007fffffe00000 - 0x00007ffffffd6000 	C:\WINDOWS\SYSTEM32\combase.dll
0x00007ff8022b0000 - 0x00007ff8023f4000 	C:\WINDOWS\system32\GDI32.dll
0x00007fffff750000 - 0x00007fffff764000 	C:\WINDOWS\SYSTEM32\profapi.dll
0x00007ffffde80000 - 0x00007ffffdf1f000 	C:\WINDOWS\SYSTEM32\SHCORE.dll
0x00007ff800090000 - 0x00007ff8000c4000 	C:\WINDOWS\system32\IMM32.DLL
0x00007ff801eb0000 - 0x00007ff801fe9000 	C:\WINDOWS\system32\MSCTF.dll
0x00007ffffd5d0000 - 0x00007ffffd82a000 	C:\WINDOWS\WinSxS\amd64_microsoft.windows.common-controls_6595b64144ccf1df_6.0.9600.17031_none_6242a4b3ecbb55a1\COMCTL32.dll
0x0000000052fe0000 - 0x00000000530b2000 	C:\Program Files\Java\jdk1.8.0_20\jre\bin\msvcr100.dll
0x0000000051450000 - 0x0000000051ca8000 	C:\Program Files\Java\jdk1.8.0_20\jre\bin\server\jvm.dll
0x00007ffff6700000 - 0x00007ffff6709000 	C:\WINDOWS\SYSTEM32\WSOCK32.dll
0x00007ffff7db0000 - 0x00007ffff7dcf000 	C:\WINDOWS\SYSTEM32\WINMM.dll
0x00007ff8019d0000 - 0x00007ff8019d7000 	C:\WINDOWS\system32\PSAPI.DLL
0x00007ff801820000 - 0x00007ff801878000 	C:\WINDOWS\system32\WS2_32.dll
0x00007ffff7d80000 - 0x00007ffff7daa000 	C:\WINDOWS\SYSTEM32\WINMMBASE.dll
0x00007ff8019c0000 - 0x00007ff8019c9000 	C:\WINDOWS\system32\NSI.dll
0x00007ff800040000 - 0x00007ff80008a000 	C:\WINDOWS\SYSTEM32\cfgmgr32.dll
0x00007ffffe5d0000 - 0x00007ffffe5f6000 	C:\WINDOWS\SYSTEM32\DEVOBJ.dll
0x0000000052fd0000 - 0x0000000052fdf000 	C:\Program Files\Java\jdk1.8.0_20\jre\bin\verify.dll
0x0000000052fa0000 - 0x0000000052fc8000 	C:\Program Files\Java\jdk1.8.0_20\jre\bin\java.dll
0x0000000052f80000 - 0x0000000052f96000 	C:\Program Files\Java\jdk1.8.0_20\jre\bin\zip.dll
0x00007ffff6a60000 - 0x00007ffff6be8000 	C:\WINDOWS\SYSTEM32\dbghelp.dll

VM Arguments:
jvm_args: -Djava.awt.headless=true -Xmx1024M -Dfile.encoding=x-windows-949 -Duser.country=KR -Duser.language=ko -Duser.variant 
java_command: com.android.dx.command.Main --dex --force-jumbo --num-threads=4 --output C:\Users\rukeon01\Desktop\Chatting\app\build\intermediates\pre-dexed\debug\com.google.android.gms-play-services-maps-8.4.0_d86c6f00ee5b97744f7b617b529e7f6b1f983e31.jar C:\Users\rukeon01\Desktop\Chatting\app\build\intermediates\exploded-aar\com.google.android.gms\play-services-maps\8.4.0\jars\classes.jar
java_class_path (initial): C:\development\adt-bundle-windows-x86_64-20140702\adt-bundle-windows-x86_64-20140702\sdk\build-tools\23.0.3\lib\dx.jar
Launcher Type: SUN_STANDARD

Environment Variables:
JAVA_HOME=C:\Program Files\Java\jdk1.8.0_20
CLASSPATH=.;C:\Program Files (x86)\Java\jre7\lib\ext\QTJava.zip
PATH=C:\oraclexe\app\oracle\product\11.2.0\server\bin;C:\ProgramData\Oracle\Java\javapath;C:\Program Files (x86)\NVIDIA Corporation\PhysX\Common;C:\Program Files (x86)\Intel\iCLS Client\;C:\Program Files\Intel\iCLS Client\;C:\WINDOWS\system32;C:\WINDOWS;C:\WINDOWS\System32\Wbem;C:\WINDOWS\System32\WindowsPowerShell\v1.0\;C:\Program Files (x86)\Windows Live\Shared;C:\Program Files\Intel\Intel(R) Management Engine Components\DAL;C:\Program Files\Intel\Intel(R) Management Engine Components\IPT;C:\Program Files (x86)\Intel\Intel(R) Management Engine Components\DAL;C:\Program Files (x86)\Intel\Intel(R) Management Engine Components\IPT;C:\Program Files\Intel\WiFi\bin\;C:\Program Files\Common Files\Intel\WirelessCommon\;C:\Program Files (x86)\Intel\OpenCL SDK\2.0\bin\x86;C:\Program Files (x86)\Intel\OpenCL SDK\2.0\bin\x64;c:\Program Files (x86)\Microsoft SQL Server\100\Tools\Binn\;c:\Program Files\Microsoft SQL Server\100\Tools\Binn\;c:\Program Files\Microsoft SQL Server\100\DTS\Binn\;C:\Python27;C:\Python27\Scripts;C:\Program Files (x86)\Google\google_appengine;C:\Program Files (x86)\QuickTime\QTSystem\;C:\\bin;C:\Program Files (x86)\sbt\\bin;C:\SMLNJ\bin\;C:\Program Files\GDAL;C:\Program Files\MATLAB\R2015b\bin;C:\Program Files\PostgreSQL\9.5\bin;C:\Program Files (x86)\Heroku\bin
USERNAME=rukeon01
OS=Windows_NT
PROCESSOR_IDENTIFIER=Intel64 Family 6 Model 58 Stepping 9, GenuineIntel



---------------  S Y S T E M  ---------------

OS: Windows 8.1 , 64 bit Build 9600 

CPU:total 4 (2 cores per cpu, 2 threads per core) family 6 model 58 stepping 9, cmov, cx8, fxsr, mmx, sse, sse2, sse3, ssse3, sse4.1, sse4.2, popcnt, avx, clmul, erms, ht, tsc, tscinvbit, tscinv

Memory: 4k page, physical 4050184k(152464k free), swap 7195912k(5048k free)

vm_info: Java HotSpot(TM) 64-Bit Server VM (25.20-b23) for windows-amd64 JRE (1.8.0_20-b26), built on Jul 30 2014 13:51:23 by "java_re" with MS VC++ 10.0 (VS2010)

time: Sun Jul 10 15:49:53 2016
elapsed time: 8 seconds (0d 0h 0m 8s)

