#
# There is insufficient memory for the Java Runtime Environment to continue.
# Native memory allocation (malloc) failed to allocate 1568896 bytes for Chunk::new
# Possible reasons:
#   The system is out of physical RAM or swap space
#   In 32 bit mode, the process size limit was hit
# Possible solutions:
#   Reduce memory load on the system
#   Increase physical memory or swap space
#   Check if swap backing store is full
#   Use 64 bit Java on a 64 bit OS
#   Decrease Java heap size (-Xmx/-Xms)
#   Decrease number of Java threads
#   Decrease Java thread stack sizes (-Xss)
#   Set larger code cache with -XX:ReservedCodeCacheSize=
# This output file may be truncated or incomplete.
#
#  Out of Memory Error (allocation.cpp:390), pid=5192, tid=11072
#
# JRE version: Java(TM) SE Runtime Environment (8.0_20-b26) (build 1.8.0_20-b26)
# Java VM: Java HotSpot(TM) 64-Bit Server VM (25.20-b23 mixed mode windows-amd64 compressed oops)
# Failed to write core dump. Minidumps are not enabled by default on client versions of Windows
#

---------------  T H R E A D  ---------------

Current thread (0x0000000014949800):  JavaThread "C2 CompilerThread1" daemon [_thread_in_native, id=11072, stack(0x0000000016360000,0x0000000016460000)]

Stack: [0x0000000016360000,0x0000000016460000]
Native frames: (J=compiled Java code, j=interpreted, Vv=VM code, C=native code)
V  [jvm.dll+0x3152fa]
V  [jvm.dll+0x265d03]
V  [jvm.dll+0x266943]
V  [jvm.dll+0x25e265]
V  [jvm.dll+0xbe255]
V  [jvm.dll+0xbe6fc]
V  [jvm.dll+0x45c472]
V  [jvm.dll+0x49d76f]
V  [jvm.dll+0x451911]
V  [jvm.dll+0x452634]
V  [jvm.dll+0x435fc2]
V  [jvm.dll+0x97b62]
V  [jvm.dll+0x98353]
V  [jvm.dll+0x22aac4]
V  [jvm.dll+0x283f5a]
C  [msvcr100.dll+0x21d9f]
C  [msvcr100.dll+0x21e3b]
C  [KERNEL32.DLL+0x16ad]
C  [ntdll.dll+0x734a5]


Current CompileTask:
C2:  11732 1826   !   4      
[error occurred during error reporting (printing current compile task), id 0xe0000001]


---------------  P R O C E S S  ---------------

Java Threads: ( => current thread )
  0x0000000015fc6000 JavaThread "pool-1-thread-4" [_thread_blocked, id=11768, stack(0x0000000017360000,0x0000000017460000)]
  0x0000000015fc3000 JavaThread "pool-1-thread-3" [_thread_blocked, id=3208, stack(0x0000000017260000,0x0000000017360000)]
  0x0000000015fc2000 JavaThread "pool-1-thread-2" [_thread_in_Java, id=11260, stack(0x0000000017160000,0x0000000017260000)]
  0x0000000015ffd800 JavaThread "pool-2-thread-1" [_thread_blocked, id=12064, stack(0x0000000017060000,0x0000000017160000)]
  0x0000000015fb3800 JavaThread "pool-1-thread-1" [_thread_blocked, id=13372, stack(0x0000000016f60000,0x0000000017060000)]
  0x0000000015cba800 JavaThread "Service Thread" daemon [_thread_blocked, id=8892, stack(0x0000000016560000,0x0000000016660000)]
  0x0000000015cb5000 JavaThread "C1 CompilerThread2" daemon [_thread_in_native, id=9960, stack(0x0000000016460000,0x0000000016560000)]
=>0x0000000014949800 JavaThread "C2 CompilerThread1" daemon [_thread_in_native, id=11072, stack(0x0000000016360000,0x0000000016460000)]
  0x0000000015ca2800 JavaThread "C2 CompilerThread0" daemon [_thread_in_native, id=14400, stack(0x0000000016260000,0x0000000016360000)]
  0x0000000014900800 JavaThread "Attach Listener" daemon [_thread_blocked, id=14820, stack(0x0000000016160000,0x0000000016260000)]
  0x00000000148ff800 JavaThread "Signal Dispatcher" daemon [_thread_blocked, id=9260, stack(0x0000000016060000,0x0000000016160000)]
  0x00000000021f5000 JavaThread "Finalizer" daemon [_thread_blocked, id=3076, stack(0x0000000015b50000,0x0000000015c50000)]
  0x00000000148b8000 JavaThread "Reference Handler" daemon [_thread_blocked, id=10024, stack(0x0000000015a50000,0x0000000015b50000)]
  0x00000000005ae000 JavaThread "main" [_thread_in_vm, id=9640, stack(0x0000000002000000,0x0000000002100000)]

Other Threads:
  0x00000000148b7000 VMThread [stack: 0x0000000015950000,0x0000000015a50000] [id=11524]
  0x0000000015cd5000 WatcherThread [stack: 0x0000000016660000,0x0000000016760000] [id=4248]

VM state:not at safepoint (normal execution)

VM Mutex/Monitor currently owned by a thread: None

Heap:
 PSYoungGen      total 66048K, used 60569K [0x00000000eab00000, 0x00000000eee00000, 0x0000000100000000)
  eden space 63488K, 91% used [0x00000000eab00000,0x00000000ee3ab760,0x00000000ee900000)
  from space 2560K, 99% used [0x00000000eeb80000,0x00000000eedfae60,0x00000000eee00000)
  to   space 2560K, 0% used [0x00000000ee900000,0x00000000ee900000,0x00000000eeb80000)
 ParOldGen       total 42496K, used 11774K [0x00000000c0000000, 0x00000000c2980000, 0x00000000eab00000)
  object space 42496K, 27% used [0x00000000c0000000,0x00000000c0b7f818,0x00000000c2980000)
 Metaspace       used 6306K, capacity 7152K, committed 7296K, reserved 1056768K
  class space    used 598K, capacity 616K, committed 640K, reserved 1048576K

Card table byte_map: [0x00000000115c0000,0x00000000117d0000] byte_map_base: 0x0000000010fc0000

Marking Bits: (ParMarkBitMap*) 0x0000000051c2b460
 Begin Bits: [0x0000000011d30000, 0x0000000012d30000)
 End Bits:   [0x0000000012d30000, 0x0000000013d30000)

Polling page: 0x00000000005b0000

CodeCache: size=245760Kb used=7926Kb max_used=7946Kb free=237833Kb
 bounds [0x0000000002200000, 0x00000000029d0000, 0x0000000011200000]
 total_blobs=2049 nmethods=1782 adapters=180
 compilation: enabled

Compilation events (10 events):
Event: 11.500 Thread 0x0000000015cb5000 1829       3       com.android.dx.dex.file.ClassDefItem::addStaticField (10 bytes)
Event: 11.500 Thread 0x0000000015cb5000 nmethod 1829 0x00000000029a1650 code [0x00000000029a17c0, 0x00000000029a19c8]
Event: 11.500 Thread 0x0000000015cb5000 1830       3       com.android.dx.dex.file.EncodedField::hashCode (8 bytes)
Event: 11.501 Thread 0x0000000015cb5000 nmethod 1830 0x0000000002992750 code [0x0000000002992920, 0x0000000002993228]
Event: 11.511 Thread 0x0000000014949800 nmethod 1816 0x00000000029c02d0 code [0x00000000029c0540, 0x00000000029c2210]
Event: 11.512 Thread 0x0000000014949800 1826   !   4       com.android.dx.cf.cst.ConstantPoolParser::parse0 (731 bytes)
Event: 11.530 Thread 0x0000000015cb5000 1842       2       com.android.dx.rop.code.Rops::pickBinaryOp (158 bytes)
Event: 11.531 Thread 0x0000000015cb5000 nmethod 1842 0x00000000029a2cd0 code [0x00000000029a2ea0, 0x00000000029a3478]
Event: 11.623 Thread 0x0000000015ca2800 nmethod 1818 0x00000000029c7910 code [0x00000000029c7c40, 0x00000000029ca7d0]
Event: 11.624 Thread 0x0000000015ca2800 1838   !   4       com.android.dx.cf.code.Ropper::processBlock (1101 bytes)

GC Heap History (8 events):
Event: 4.222 GC heap before
{Heap before GC invocations=1 (full 0):
 PSYoungGen      total 18432K, used 15872K [0x00000000eab00000, 0x00000000ebf80000, 0x0000000100000000)
  eden space 15872K, 100% used [0x00000000eab00000,0x00000000eba80000,0x00000000eba80000)
  from space 2560K, 0% used [0x00000000ebd00000,0x00000000ebd00000,0x00000000ebf80000)
  to   space 2560K, 0% used [0x00000000eba80000,0x00000000eba80000,0x00000000ebd00000)
 ParOldGen       total 42496K, used 0K [0x00000000c0000000, 0x00000000c2980000, 0x00000000eab00000)
  object space 42496K, 0% used [0x00000000c0000000,0x00000000c0000000,0x00000000c2980000)
 Metaspace       used 3568K, capacity 4720K, committed 4864K, reserved 1056768K
  class space    used 379K, capacity 424K, committed 512K, reserved 1048576K
Event: 4.270 GC heap after
Heap after GC invocations=1 (full 0):
 PSYoungGen      total 18432K, used 1287K [0x00000000eab00000, 0x00000000ecf00000, 0x0000000100000000)
  eden space 15872K, 0% used [0x00000000eab00000,0x00000000eab00000,0x00000000eba80000)
  from space 2560K, 50% used [0x00000000eba80000,0x00000000ebbc1c50,0x00000000ebd00000)
  to   space 2560K, 0% used [0x00000000ecc80000,0x00000000ecc80000,0x00000000ecf00000)
 ParOldGen       total 42496K, used 8K [0x00000000c0000000, 0x00000000c2980000, 0x00000000eab00000)
  object space 42496K, 0% used [0x00000000c0000000,0x00000000c0002000,0x00000000c2980000)
 Metaspace       used 3568K, capacity 4720K, committed 4864K, reserved 1056768K
  class space    used 379K, capacity 424K, committed 512K, reserved 1048576K
}
Event: 6.667 GC heap before
{Heap before GC invocations=2 (full 0):
 PSYoungGen      total 18432K, used 17159K [0x00000000eab00000, 0x00000000ecf00000, 0x0000000100000000)
  eden space 15872K, 100% used [0x00000000eab00000,0x00000000eba80000,0x00000000eba80000)
  from space 2560K, 50% used [0x00000000eba80000,0x00000000ebbc1c50,0x00000000ebd00000)
  to   space 2560K, 0% used [0x00000000ecc80000,0x00000000ecc80000,0x00000000ecf00000)
 ParOldGen       total 42496K, used 8K [0x00000000c0000000, 0x00000000c2980000, 0x00000000eab00000)
  object space 42496K, 0% used [0x00000000c0000000,0x00000000c0002000,0x00000000c2980000)
 Metaspace       used 5992K, capacity 6896K, committed 7040K, reserved 1056768K
  class space    used 594K, capacity 616K, committed 640K, reserved 1048576K
Event: 6.932 GC heap after
Heap after GC invocations=2 (full 0):
 PSYoungGen      total 34304K, used 2535K [0x00000000eab00000, 0x00000000ecf00000, 0x0000000100000000)
  eden space 31744K, 0% used [0x00000000eab00000,0x00000000eab00000,0x00000000eca00000)
  from space 2560K, 99% used [0x00000000ecc80000,0x00000000ecef9d20,0x00000000ecf00000)
  to   space 2560K, 0% used [0x00000000eca00000,0x00000000eca00000,0x00000000ecc80000)
 ParOldGen       total 42496K, used 2319K [0x00000000c0000000, 0x00000000c2980000, 0x00000000eab00000)
  object space 42496K, 5% used [0x00000000c0000000,0x00000000c0243fa8,0x00000000c2980000)
 Metaspace       used 5992K, capacity 6896K, committed 7040K, reserved 1056768K
  class space    used 594K, capacity 616K, committed 640K, reserved 1048576K
}
Event: 8.031 GC heap before
{Heap before GC invocations=3 (full 0):
 PSYoungGen      total 34304K, used 34279K [0x00000000eab00000, 0x00000000ecf00000, 0x0000000100000000)
  eden space 31744K, 100% used [0x00000000eab00000,0x00000000eca00000,0x00000000eca00000)
  from space 2560K, 99% used [0x00000000ecc80000,0x00000000ecef9d20,0x00000000ecf00000)
  to   space 2560K, 0% used [0x00000000eca00000,0x00000000eca00000,0x00000000ecc80000)
 ParOldGen       total 42496K, used 2319K [0x00000000c0000000, 0x00000000c2980000, 0x00000000eab00000)
  object space 42496K, 5% used [0x00000000c0000000,0x00000000c0243fa8,0x00000000c2980000)
 Metaspace       used 6200K, capacity 7088K, committed 7296K, reserved 1056768K
  class space    used 596K, capacity 616K, committed 640K, reserved 1048576K
Event: 8.086 GC heap after
Heap after GC invocations=3 (full 0):
 PSYoungGen      total 34304K, used 2555K [0x00000000eab00000, 0x00000000eee00000, 0x0000000100000000)
  eden space 31744K, 0% used [0x00000000eab00000,0x00000000eab00000,0x00000000eca00000)
  from space 2560K, 99% used [0x00000000eca00000,0x00000000ecc7ee70,0x00000000ecc80000)
  to   space 2560K, 0% used [0x00000000eeb80000,0x00000000eeb80000,0x00000000eee00000)
 ParOldGen       total 42496K, used 7598K [0x00000000c0000000, 0x00000000c2980000, 0x00000000eab00000)
  object space 42496K, 17% used [0x00000000c0000000,0x00000000c076b880,0x00000000c2980000)
 Metaspace       used 6200K, capacity 7088K, committed 7296K, reserved 1056768K
  class space    used 596K, capacity 616K, committed 640K, reserved 1048576K
}
Event: 9.110 GC heap before
{Heap before GC invocations=4 (full 0):
 PSYoungGen      total 34304K, used 34299K [0x00000000eab00000, 0x00000000eee00000, 0x0000000100000000)
  eden space 31744K, 100% used [0x00000000eab00000,0x00000000eca00000,0x00000000eca00000)
  from space 2560K, 99% used [0x00000000eca00000,0x00000000ecc7ee70,0x00000000ecc80000)
  to   space 2560K, 0% used [0x00000000eeb80000,0x00000000eeb80000,0x00000000eee00000)
 ParOldGen       total 42496K, used 7598K [0x00000000c0000000, 0x00000000c2980000, 0x00000000eab00000)
  object space 42496K, 17% used [0x00000000c0000000,0x00000000c076b880,0x00000000c2980000)
 Metaspace       used 6232K, capacity 7088K, committed 7296K, reserved 1056768K
  class space    used 596K, capacity 616K, committed 640K, reserved 1048576K
Event: 9.537 GC heap after
Heap after GC invocations=4 (full 0):
 PSYoungGen      total 66048K, used 2539K [0x00000000eab00000, 0x00000000eee00000, 0x0000000100000000)
  eden space 63488K, 0% used [0x00000000eab00000,0x00000000eab00000,0x00000000ee900000)
  from space 2560K, 99% used [0x00000000eeb80000,0x00000000eedfae60,0x00000000eee00000)
  to   space 2560K, 0% used [0x00000000ee900000,0x00000000ee900000,0x00000000eeb80000)
 ParOldGen       total 42496K, used 11774K [0x00000000c0000000, 0x00000000c2980000, 0x00000000eab00000)
  object space 42496K, 27% used [0x00000000c0000000,0x00000000c0b7f818,0x00000000c2980000)
 Metaspace       used 6232K, capacity 7088K, committed 7296K, reserved 1056768K
  class space    used 596K, capacity 616K, committed 640K, reserved 1048576K
}

Deoptimization events (10 events):
Event: 10.350 Thread 0x0000000015fc6000 Uncommon trap: reason=bimorphic action=maybe_recompile pc=0x00000000026ebf60 method=java.util.HashMap.getNode(ILjava/lang/Object;)Ljava/util/HashMap$Node; @ 126
Event: 10.351 Thread 0x0000000015fc6000 Uncommon trap: reason=class_check action=maybe_recompile pc=0x00000000026ed3b8 method=java.util.HashMap.putVal(ILjava/lang/Object;Ljava/lang/Object;ZZ)Ljava/lang/Object; @ 203
Event: 10.351 Thread 0x0000000015fc6000 Uncommon trap: reason=bimorphic action=maybe_recompile pc=0x00000000026ebf60 method=java.util.HashMap.getNode(ILjava/lang/Object;)Ljava/util/HashMap$Node; @ 126
Event: 10.351 Thread 0x0000000015fc6000 Uncommon trap: reason=class_check action=maybe_recompile pc=0x00000000026ed3b8 method=java.util.HashMap.putVal(ILjava/lang/Object;Ljava/lang/Object;ZZ)Ljava/lang/Object; @ 203
Event: 10.351 Thread 0x0000000015fc6000 Uncommon trap: reason=bimorphic action=maybe_recompile pc=0x00000000026ebf60 method=java.util.HashMap.getNode(ILjava/lang/Object;)Ljava/util/HashMap$Node; @ 126
Event: 10.351 Thread 0x0000000015fc6000 Uncommon trap: reason=bimorphic action=maybe_recompile pc=0x00000000026ebf60 method=java.util.HashMap.getNode(ILjava/lang/Object;)Ljava/util/HashMap$Node; @ 126
Event: 10.351 Thread 0x0000000015fc6000 Uncommon trap: reason=class_check action=maybe_recompile pc=0x00000000026ed3b8 method=java.util.HashMap.putVal(ILjava/lang/Object;Ljava/lang/Object;ZZ)Ljava/lang/Object; @ 203
Event: 10.448 Thread 0x0000000015fc3000 Uncommon trap: reason=unreached action=reinterpret pc=0x00000000027ebbb4 method=com.android.dx.ssa.SCCP.simulateBranch(Lcom/android/dx/ssa/SsaInsn;)V @ 132
Event: 10.451 Thread 0x0000000015fc3000 Uncommon trap: reason=unloaded action=reinterpret pc=0x0000000002881770 method=com.android.dx.ssa.LiteralOpUpgrader$1.visitNonMoveInsn(Lcom/android/dx/ssa/NormalSsaInsn;)V @ 72
Event: 10.452 Thread 0x0000000015fc3000 Uncommon trap: reason=unreached action=reinterpret pc=0x00000000026de0dc method=com.android.dx.ssa.SsaMethod.updateOneDefinition(Lcom/android/dx/ssa/SsaInsn;Lcom/android/dx/rop/code/RegisterSpec;)V @ 4

Internal exceptions (10 events):
Event: 5.808 Thread 0x0000000015fc3000 Exception <a 'java/security/PrivilegedActionException'> (0x00000000eb4c44d0) thrown at [D:\re\workspace\8-2-build-windows-amd64-cygwin\jdk8u20\1074\hotspot\src\share\vm\prims\jvm.cpp, line 1275]
Event: 6.177 Thread 0x0000000015fc2000 Exception <a 'java/security/PrivilegedActionException'> (0x00000000eb67fe30) thrown at [D:\re\workspace\8-2-build-windows-amd64-cygwin\jdk8u20\1074\hotspot\src\share\vm\prims\jvm.cpp, line 1275]
Event: 6.210 Thread 0x00000000005ae000 Exception <a 'java/security/PrivilegedActionException'> (0x00000000eb577d20) thrown at [D:\re\workspace\8-2-build-windows-amd64-cygwin\jdk8u20\1074\hotspot\src\share\vm\prims\jvm.cpp, line 1275]
Event: 6.211 Thread 0x00000000005ae000 Exception <a 'java/security/PrivilegedActionException'> (0x00000000eb57a828) thrown at [D:\re\workspace\8-2-build-windows-amd64-cygwin\jdk8u20\1074\hotspot\src\share\vm\prims\jvm.cpp, line 1275]
Event: 6.614 Thread 0x0000000015fc2000 Exception <a 'java/security/PrivilegedActionException'> (0x00000000eb855228) thrown at [D:\re\workspace\8-2-build-windows-amd64-cygwin\jdk8u20\1074\hotspot\src\share\vm\prims\jvm.cpp, line 1275]
Event: 7.073 Thread 0x0000000015fc6000 Exception <a 'java/security/PrivilegedActionException'> (0x00000000eb23bfe8) thrown at [D:\re\workspace\8-2-build-windows-amd64-cygwin\jdk8u20\1074\hotspot\src\share\vm\prims\jvm.cpp, line 1275]
Event: 9.897 Thread 0x00000000005ae000 Exception <a 'java/security/PrivilegedActionException'> (0x00000000eab98bd8) thrown at [D:\re\workspace\8-2-build-windows-amd64-cygwin\jdk8u20\1074\hotspot\src\share\vm\prims\jvm.cpp, line 1275]
Event: 10.183 Thread 0x0000000015fc3000 Implicit null exception at 0x00000000028a0ab6 to 0x00000000028a3db5
Event: 10.440 Thread 0x00000000005ae000 Exception <a 'java/security/PrivilegedActionException'> (0x00000000eb1f0cf8) thrown at [D:\re\workspace\8-2-build-windows-amd64-cygwin\jdk8u20\1074\hotspot\src\share\vm\prims\jvm.cpp, line 1275]
Event: 10.451 Thread 0x0000000015fc3000 Exception <a 'java/security/PrivilegedActionException'> (0x00000000eb9e8eb8) thrown at [D:\re\workspace\8-2-build-windows-amd64-cygwin\jdk8u20\1074\hotspot\src\share\vm\prims\jvm.cpp, line 1275]

Events (10 events):
Event: 10.452 Thread 0x0000000015fc3000 DEOPT PACKING pc=0x00000000026de0dc sp=0x000000001735e5e0
Event: 10.452 Thread 0x0000000015fc3000 DEOPT UNPACKING pc=0x000000000224556a sp=0x000000001735e588 mode 2
Event: 10.753 Thread 0x0000000015fc2000 DEOPT PACKING pc=0x00000000026b9324 sp=0x000000001725eb10
Event: 10.753 Thread 0x0000000015fc2000 DEOPT UNPACKING pc=0x00000000022475bf sp=0x000000001725e820 mode 0
Event: 11.300 Thread 0x00000000005ae000 DEOPT PACKING pc=0x00000000029359e1 sp=0x00000000020fe7a0
Event: 11.300 Thread 0x00000000005ae000 DEOPT UNPACKING pc=0x00000000022475bf sp=0x00000000020fe560 mode 0
Event: 11.494 Thread 0x0000000015fc3000 DEOPT PACKING pc=0x000000000293f257 sp=0x000000001735ebe0
Event: 11.494 Thread 0x0000000015fc3000 DEOPT UNPACKING pc=0x00000000022475bf sp=0x000000001735e9d8 mode 0
Event: 11.628 Thread 0x0000000015fb3800 DEOPT PACKING pc=0x00000000025c962c sp=0x000000001705e6d0
Event: 11.628 Thread 0x0000000015fb3800 DEOPT UNPACKING pc=0x00000000022475bf sp=0x000000001705e450 mode 0


Dynamic libraries:
0x00007ff71ddf0000 - 0x00007ff71de24000 	C:\Program Files\Java\jdk1.8.0_20\bin\java.exe
0x00007ff802400000 - 0x00007ff8025aa000 	C:\WINDOWS\SYSTEM32\ntdll.dll
0x00007ff801aa0000 - 0x00007ff801bda000 	C:\WINDOWS\system32\KERNEL32.DLL
0x00007fffffa10000 - 0x00007fffffb1f000 	C:\WINDOWS\system32\KERNELBASE.dll
0x00007ffffe380000 - 0x00007ffffe408000 	C:\WINDOWS\system32\apphelp.dll
0x00007ffff2a90000 - 0x00007ffff2adf000 	C:\WINDOWS\AppPatch\AppPatch64\AcGenral.DLL
0x00007fffffd50000 - 0x00007fffffdf7000 	C:\WINDOWS\system32\msvcrt.dll
0x00007fffff530000 - 0x00007fffff55b000 	C:\WINDOWS\SYSTEM32\SspiCli.dll
0x00007ff8020b0000 - 0x00007ff802101000 	C:\WINDOWS\system32\SHLWAPI.dll
0x00007ff801d30000 - 0x00007ff801ea1000 	C:\WINDOWS\system32\USER32.dll
0x00007fffffbd0000 - 0x00007fffffd48000 	C:\WINDOWS\system32\ole32.dll
0x00007ff800400000 - 0x00007ff80181f000 	C:\WINDOWS\system32\SHELL32.dll
0x00007ffffed60000 - 0x00007ffffed7e000 	C:\WINDOWS\SYSTEM32\USERENV.dll
0x00007ff8000d0000 - 0x00007ff800175000 	C:\WINDOWS\system32\ADVAPI32.dll
0x00007ffff4ed0000 - 0x00007ffff4eeb000 	C:\WINDOWS\SYSTEM32\MPR.dll
0x00007ff801880000 - 0x00007ff8019b7000 	C:\WINDOWS\system32\RPCRT4.dll
0x00007ff801be0000 - 0x00007ff801c37000 	C:\WINDOWS\SYSTEM32\sechost.dll
0x00007fffffe00000 - 0x00007ffffffd6000 	C:\WINDOWS\SYSTEM32\combase.dll
0x00007ff8022b0000 - 0x00007ff8023f4000 	C:\WINDOWS\system32\GDI32.dll
0x00007fffff750000 - 0x00007fffff764000 	C:\WINDOWS\SYSTEM32\profapi.dll
0x00007ffffde80000 - 0x00007ffffdf1f000 	C:\WINDOWS\SYSTEM32\SHCORE.dll
0x00007ff800090000 - 0x00007ff8000c4000 	C:\WINDOWS\system32\IMM32.DLL
0x00007ff801eb0000 - 0x00007ff801fe9000 	C:\WINDOWS\system32\MSCTF.dll
0x00007ffffd5d0000 - 0x00007ffffd82a000 	C:\WINDOWS\WinSxS\amd64_microsoft.windows.common-controls_6595b64144ccf1df_6.0.9600.17031_none_6242a4b3ecbb55a1\COMCTL32.dll
0x0000000052fe0000 - 0x00000000530b2000 	C:\Program Files\Java\jdk1.8.0_20\jre\bin\msvcr100.dll
0x0000000051450000 - 0x0000000051ca8000 	C:\Program Files\Java\jdk1.8.0_20\jre\bin\server\jvm.dll
0x00007ffff6700000 - 0x00007ffff6709000 	C:\WINDOWS\SYSTEM32\WSOCK32.dll
0x00007ffff7db0000 - 0x00007ffff7dcf000 	C:\WINDOWS\SYSTEM32\WINMM.dll
0x00007ff8019d0000 - 0x00007ff8019d7000 	C:\WINDOWS\system32\PSAPI.DLL
0x00007ff801820000 - 0x00007ff801878000 	C:\WINDOWS\system32\WS2_32.dll
0x00007ffff7d80000 - 0x00007ffff7daa000 	C:\WINDOWS\SYSTEM32\WINMMBASE.dll
0x00007ff8019c0000 - 0x00007ff8019c9000 	C:\WINDOWS\system32\NSI.dll
0x00007ff800040000 - 0x00007ff80008a000 	C:\WINDOWS\SYSTEM32\cfgmgr32.dll
0x00007ffffe5d0000 - 0x00007ffffe5f6000 	C:\WINDOWS\SYSTEM32\DEVOBJ.dll
0x0000000052fd0000 - 0x0000000052fdf000 	C:\Program Files\Java\jdk1.8.0_20\jre\bin\verify.dll
0x0000000052fa0000 - 0x0000000052fc8000 	C:\Program Files\Java\jdk1.8.0_20\jre\bin\java.dll
0x0000000052f80000 - 0x0000000052f96000 	C:\Program Files\Java\jdk1.8.0_20\jre\bin\zip.dll
0x00007ffff6a60000 - 0x00007ffff6be8000 	C:\WINDOWS\SYSTEM32\dbghelp.dll

VM Arguments:
jvm_args: -Djava.awt.headless=true -Xmx1024M -Dfile.encoding=x-windows-949 -Duser.country=KR -Duser.language=ko -Duser.variant 
java_command: com.android.dx.command.Main --dex --force-jumbo --num-threads=4 --output C:\Users\rukeon01\Desktop\Chatting\app\build\intermediates\pre-dexed\debug\com.android.support-support-v4-23.2.0_44e789e6673821c9472d7a30fecb0c513ebb00fd.jar C:\Users\rukeon01\Desktop\Chatting\app\build\intermediates\exploded-aar\com.android.support\support-v4\23.2.0\jars\classes.jar
java_class_path (initial): C:\development\adt-bundle-windows-x86_64-20140702\adt-bundle-windows-x86_64-20140702\sdk\build-tools\23.0.3\lib\dx.jar
Launcher Type: SUN_STANDARD

Environment Variables:
JAVA_HOME=C:\Program Files\Java\jdk1.8.0_20
CLASSPATH=.;C:\Program Files (x86)\Java\jre7\lib\ext\QTJava.zip
PATH=C:\oraclexe\app\oracle\product\11.2.0\server\bin;C:\ProgramData\Oracle\Java\javapath;C:\Program Files (x86)\NVIDIA Corporation\PhysX\Common;C:\Program Files (x86)\Intel\iCLS Client\;C:\Program Files\Intel\iCLS Client\;C:\WINDOWS\system32;C:\WINDOWS;C:\WINDOWS\System32\Wbem;C:\WINDOWS\System32\WindowsPowerShell\v1.0\;C:\Program Files (x86)\Windows Live\Shared;C:\Program Files\Intel\Intel(R) Management Engine Components\DAL;C:\Program Files\Intel\Intel(R) Management Engine Components\IPT;C:\Program Files (x86)\Intel\Intel(R) Management Engine Components\DAL;C:\Program Files (x86)\Intel\Intel(R) Management Engine Components\IPT;C:\Program Files\Intel\WiFi\bin\;C:\Program Files\Common Files\Intel\WirelessCommon\;C:\Program Files (x86)\Intel\OpenCL SDK\2.0\bin\x86;C:\Program Files (x86)\Intel\OpenCL SDK\2.0\bin\x64;c:\Program Files (x86)\Microsoft SQL Server\100\Tools\Binn\;c:\Program Files\Microsoft SQL Server\100\Tools\Binn\;c:\Program Files\Microsoft SQL Server\100\DTS\Binn\;C:\Python27;C:\Python27\Scripts;C:\Program Files (x86)\Google\google_appengine;C:\Program Files (x86)\QuickTime\QTSystem\;C:\\bin;C:\Program Files (x86)\sbt\\bin;C:\SMLNJ\bin\;C:\Program Files\GDAL;C:\Program Files\MATLAB\R2015b\bin;C:\Program Files\PostgreSQL\9.5\bin;C:\Program Files (x86)\Heroku\bin
USERNAME=rukeon01
OS=Windows_NT
PROCESSOR_IDENTIFIER=Intel64 Family 6 Model 58 Stepping 9, GenuineIntel



---------------  S Y S T E M  ---------------

OS: Windows 8.1 , 64 bit Build 9600 

CPU:total 4 (2 cores per cpu, 2 threads per core) family 6 model 58 stepping 9, cmov, cx8, fxsr, mmx, sse, sse2, sse3, ssse3, sse4.1, sse4.2, popcnt, avx, clmul, erms, ht, tsc, tscinvbit, tscinv

Memory: 4k page, physical 4050184k(238588k free), swap 7195912k(5660k free)

vm_info: Java HotSpot(TM) 64-Bit Server VM (25.20-b23) for windows-amd64 JRE (1.8.0_20-b26), built on Jul 30 2014 13:51:23 by "java_re" with MS VC++ 10.0 (VS2010)

time: Sat Jul 09 23:17:15 2016
elapsed time: 11 seconds (0d 0h 0m 11s)

