#
# There is insufficient memory for the Java Runtime Environment to continue.
# Native memory allocation (malloc) failed to allocate 131088 bytes for Chunk::new
# Possible reasons:
#   The system is out of physical RAM or swap space
#   In 32 bit mode, the process size limit was hit
# Possible solutions:
#   Reduce memory load on the system
#   Increase physical memory or swap space
#   Check if swap backing store is full
#   Use 64 bit Java on a 64 bit OS
#   Decrease Java heap size (-Xmx/-Xms)
#   Decrease number of Java threads
#   Decrease Java thread stack sizes (-Xss)
#   Set larger code cache with -XX:ReservedCodeCacheSize=
# This output file may be truncated or incomplete.
#
#  Out of Memory Error (allocation.cpp:390), pid=8616, tid=14888
#
# JRE version: Java(TM) SE Runtime Environment (8.0_20-b26) (build 1.8.0_20-b26)
# Java VM: Java HotSpot(TM) 64-Bit Server VM (25.20-b23 mixed mode windows-amd64 compressed oops)
# Failed to write core dump. Minidumps are not enabled by default on client versions of Windows
#

---------------  T H R E A D  ---------------

Current thread (0x0000000016c0d800):  JavaThread "C2 CompilerThread1" daemon [_thread_in_native, id=14888, stack(0x0000000016fc0000,0x00000000170c0000)]

Stack: [0x0000000016fc0000,0x00000000170c0000]
Native frames: (J=compiled Java code, j=interpreted, Vv=VM code, C=native code)
V  [jvm.dll+0x3152fa]


Current CompileTask:
C2:  10836 2112       4       com.android.dx.ssa.DeadCodeRemover::run (194 bytes)


---------------  P R O C E S S  ---------------

Java Threads: ( => current thread )
  0x00000000179af800 JavaThread "pool-1-thread-4" [_thread_in_vm, id=9280, stack(0x0000000018f90000,0x0000000019090000)]
  0x00000000179af000 JavaThread "pool-1-thread-3" [_thread_blocked, id=13136, stack(0x0000000018e90000,0x0000000018f90000)]
  0x00000000179ad000 JavaThread "pool-1-thread-2" [_thread_in_Java, id=2112, stack(0x0000000018d90000,0x0000000018e90000)]
  0x0000000017436000 JavaThread "pool-2-thread-1" [_thread_blocked, id=14556, stack(0x0000000018c90000,0x0000000018d90000)]
  0x0000000017abe000 JavaThread "pool-1-thread-1" [_thread_in_Java, id=3308, stack(0x0000000018b90000,0x0000000018c90000)]
  0x0000000016c19000 JavaThread "Service Thread" daemon [_thread_blocked, id=16380, stack(0x00000000171c0000,0x00000000172c0000)]
  0x0000000016c13800 JavaThread "C1 CompilerThread2" daemon [_thread_blocked, id=10684, stack(0x00000000170c0000,0x00000000171c0000)]
=>0x0000000016c0d800 JavaThread "C2 CompilerThread1" daemon [_thread_in_native, id=14888, stack(0x0000000016fc0000,0x00000000170c0000)]
  0x00000000155ba800 JavaThread "C2 CompilerThread0" daemon [_thread_in_vm, id=14432, stack(0x0000000016ac0000,0x0000000016bc0000)]
  0x00000000155b9800 JavaThread "Attach Listener" daemon [_thread_blocked, id=12352, stack(0x00000000169c0000,0x0000000016ac0000)]
  0x000000001556e800 JavaThread "Signal Dispatcher" daemon [_thread_blocked, id=8784, stack(0x00000000168c0000,0x00000000169c0000)]
  0x0000000002e85000 JavaThread "Finalizer" daemon [_thread_blocked, id=14148, stack(0x00000000167c0000,0x00000000168c0000)]
  0x0000000015528000 JavaThread "Reference Handler" daemon [_thread_blocked, id=15008, stack(0x00000000166c0000,0x00000000167c0000)]
  0x0000000002c8e000 JavaThread "main" [_thread_blocked, id=11704, stack(0x0000000002c90000,0x0000000002d90000)]

Other Threads:
  0x0000000015527000 VMThread [stack: 0x00000000165c0000,0x00000000166c0000] [id=7348]
  0x0000000016c33800 WatcherThread [stack: 0x00000000172c0000,0x00000000173c0000] [id=12048]

VM state:not at safepoint (normal execution)

VM Mutex/Monitor currently owned by a thread:  ([mutex/lock_event])
[0x0000000002c8cab0] Patching_lock - owner thread: 0x0000000000000000

Heap:
 PSYoungGen      total 71168K, used 14706K [0x00000000eab00000, 0x00000000efc00000, 0x0000000100000000)
  eden space 62464K, 9% used [0x00000000eab00000,0x00000000eb0e4920,0x00000000ee800000)
  from space 8704K, 99% used [0x00000000ef180000,0x00000000ef9f8068,0x00000000efa00000)
  to   space 9728K, 0% used [0x00000000ee800000,0x00000000ee800000,0x00000000ef180000)
 ParOldGen       total 42496K, used 28976K [0x00000000c0000000, 0x00000000c2980000, 0x00000000eab00000)
  object space 42496K, 68% used [0x00000000c0000000,0x00000000c1c4c240,0x00000000c2980000)
 Metaspace       used 6506K, capacity 7256K, committed 7424K, reserved 1056768K
  class space    used 617K, capacity 656K, committed 768K, reserved 1048576K

Card table byte_map: [0x0000000012250000,0x0000000012460000] byte_map_base: 0x0000000011c50000

Marking Bits: (ParMarkBitMap*) 0x0000000051c2b460
 Begin Bits: [0x00000000129c0000, 0x00000000139c0000)
 End Bits:   [0x00000000139c0000, 0x00000000149c0000)

Polling page: 0x0000000002bd0000

CodeCache: size=245760Kb used=8721Kb max_used=8739Kb free=237038Kb
 bounds [0x0000000002e90000, 0x0000000003720000, 0x0000000011e90000]
 total_blobs=2278 nmethods=2010 adapters=180
 compilation: disabled (not enough contiguous free space left)

Compilation events (10 events):
Event: 10.558 Thread 0x0000000016c13800 2126       2       com.android.dx.ssa.MoveParamCombiner::getParamIndex (24 bytes)
Event: 10.558 Thread 0x0000000016c13800 nmethod 2126 0x0000000003712950 code [0x0000000003712ac0, 0x0000000003712c90]
Event: 10.560 Thread 0x0000000016c13800 2127       2       com.android.dx.dex.file.AnnotationsDirectoryItem::addMethodAnnotations (44 bytes)
Event: 10.561 Thread 0x0000000016c13800 nmethod 2127 0x0000000003712050 code [0x00000000037121e0, 0x0000000003712628]
Event: 10.567 Thread 0x0000000016c13800 2128       2       java.util.HashMap$TreeNode::getTreeNode (22 bytes)
Event: 10.567 Thread 0x0000000016c13800 nmethod 2128 0x0000000003711b90 code [0x0000000003711d00, 0x0000000003711ee8]
Event: 10.584 Thread 0x0000000016c13800 2129       2       java.util.concurrent.ArrayBlockingQueue::enqueue (53 bytes)
Event: 10.584 Thread 0x0000000016c13800 nmethod 2129 0x00000000037114d0 code [0x0000000003711660, 0x0000000003711988]
Event: 10.584 Thread 0x0000000016c13800 2130       2       com.android.dx.rop.code.Rops::pickBinaryOp (158 bytes)
Event: 10.585 Thread 0x0000000016c13800 nmethod 2130 0x000000000371abd0 code [0x000000000371ada0, 0x000000000371b378]

GC Heap History (10 events):
Event: 5.027 GC heap before
{Heap before GC invocations=4 (full 0):
 PSYoungGen      total 18432K, used 18409K [0x00000000eab00000, 0x00000000ecf00000, 0x0000000100000000)
  eden space 15872K, 100% used [0x00000000eab00000,0x00000000eba80000,0x00000000eba80000)
  from space 2560K, 99% used [0x00000000eba80000,0x00000000ebcfa628,0x00000000ebd00000)
  to   space 2560K, 0% used [0x00000000ecc80000,0x00000000ecc80000,0x00000000ecf00000)
 ParOldGen       total 42496K, used 3169K [0x00000000c0000000, 0x00000000c2980000, 0x00000000eab00000)
  object space 42496K, 7% used [0x00000000c0000000,0x00000000c03187d8,0x00000000c2980000)
 Metaspace       used 6143K, capacity 7024K, committed 7296K, reserved 1056768K
  class space    used 592K, capacity 616K, committed 640K, reserved 1048576K
Event: 5.084 GC heap after
Heap after GC invocations=4 (full 0):
 PSYoungGen      total 34304K, used 2553K [0x00000000eab00000, 0x00000000ecf00000, 0x0000000100000000)
  eden space 31744K, 0% used [0x00000000eab00000,0x00000000eab00000,0x00000000eca00000)
  from space 2560K, 99% used [0x00000000ecc80000,0x00000000ecefe648,0x00000000ecf00000)
  to   space 2560K, 0% used [0x00000000eca00000,0x00000000eca00000,0x00000000ecc80000)
 ParOldGen       total 42496K, used 5537K [0x00000000c0000000, 0x00000000c2980000, 0x00000000eab00000)
  object space 42496K, 13% used [0x00000000c0000000,0x00000000c05687a8,0x00000000c2980000)
 Metaspace       used 6143K, capacity 7024K, committed 7296K, reserved 1056768K
  class space    used 592K, capacity 616K, committed 640K, reserved 1048576K
}
Event: 5.985 GC heap before
{Heap before GC invocations=5 (full 0):
 PSYoungGen      total 34304K, used 34297K [0x00000000eab00000, 0x00000000ecf00000, 0x0000000100000000)
  eden space 31744K, 100% used [0x00000000eab00000,0x00000000eca00000,0x00000000eca00000)
  from space 2560K, 99% used [0x00000000ecc80000,0x00000000ecefe648,0x00000000ecf00000)
  to   space 2560K, 0% used [0x00000000eca00000,0x00000000eca00000,0x00000000ecc80000)
 ParOldGen       total 42496K, used 5537K [0x00000000c0000000, 0x00000000c2980000, 0x00000000eab00000)
  object space 42496K, 13% used [0x00000000c0000000,0x00000000c05687a8,0x00000000c2980000)
 Metaspace       used 6269K, capacity 7152K, committed 7296K, reserved 1056768K
  class space    used 595K, capacity 616K, committed 640K, reserved 1048576K
Event: 6.103 GC heap after
Heap after GC invocations=5 (full 0):
 PSYoungGen      total 34304K, used 2528K [0x00000000eab00000, 0x00000000efa00000, 0x0000000100000000)
  eden space 31744K, 0% used [0x00000000eab00000,0x00000000eab00000,0x00000000eca00000)
  from space 2560K, 98% used [0x00000000eca00000,0x00000000ecc78028,0x00000000ecc80000)
  to   space 8704K, 0% used [0x00000000ef180000,0x00000000ef180000,0x00000000efa00000)
 ParOldGen       total 42496K, used 10428K [0x00000000c0000000, 0x00000000c2980000, 0x00000000eab00000)
  object space 42496K, 24% used [0x00000000c0000000,0x00000000c0a2f0e0,0x00000000c2980000)
 Metaspace       used 6269K, capacity 7152K, committed 7296K, reserved 1056768K
  class space    used 595K, capacity 616K, committed 640K, reserved 1048576K
}
Event: 6.426 GC heap before
{Heap before GC invocations=6 (full 0):
 PSYoungGen      total 34304K, used 34272K [0x00000000eab00000, 0x00000000efa00000, 0x0000000100000000)
  eden space 31744K, 100% used [0x00000000eab00000,0x00000000eca00000,0x00000000eca00000)
  from space 2560K, 98% used [0x00000000eca00000,0x00000000ecc78028,0x00000000ecc80000)
  to   space 8704K, 0% used [0x00000000ef180000,0x00000000ef180000,0x00000000efa00000)
 ParOldGen       total 42496K, used 10428K [0x00000000c0000000, 0x00000000c2980000, 0x00000000eab00000)
  object space 42496K, 24% used [0x00000000c0000000,0x00000000c0a2f0e0,0x00000000c2980000)
 Metaspace       used 6310K, capacity 7152K, committed 7296K, reserved 1056768K
  class space    used 596K, capacity 616K, committed 640K, reserved 1048576K
Event: 6.871 GC heap after
Heap after GC invocations=6 (full 0):
 PSYoungGen      total 71168K, used 7456K [0x00000000eab00000, 0x00000000efc00000, 0x0000000100000000)
  eden space 62464K, 0% used [0x00000000eab00000,0x00000000eab00000,0x00000000ee800000)
  from space 8704K, 85% used [0x00000000ef180000,0x00000000ef8c8028,0x00000000efa00000)
  to   space 9728K, 0% used [0x00000000ee800000,0x00000000ee800000,0x00000000ef180000)
 ParOldGen       total 42496K, used 10436K [0x00000000c0000000, 0x00000000c2980000, 0x00000000eab00000)
  object space 42496K, 24% used [0x00000000c0000000,0x00000000c0a310e0,0x00000000c2980000)
 Metaspace       used 6310K, capacity 7152K, committed 7296K, reserved 1056768K
  class space    used 596K, capacity 616K, committed 640K, reserved 1048576K
}
Event: 8.861 GC heap before
{Heap before GC invocations=7 (full 0):
 PSYoungGen      total 71168K, used 69920K [0x00000000eab00000, 0x00000000efc00000, 0x0000000100000000)
  eden space 62464K, 100% used [0x00000000eab00000,0x00000000ee800000,0x00000000ee800000)
  from space 8704K, 85% used [0x00000000ef180000,0x00000000ef8c8028,0x00000000efa00000)
  to   space 9728K, 0% used [0x00000000ee800000,0x00000000ee800000,0x00000000ef180000)
 ParOldGen       total 42496K, used 10436K [0x00000000c0000000, 0x00000000c2980000, 0x00000000eab00000)
  object space 42496K, 24% used [0x00000000c0000000,0x00000000c0a310e0,0x00000000c2980000)
 Metaspace       used 6481K, capacity 7256K, committed 7424K, reserved 1056768K
  class space    used 616K, capacity 656K, committed 768K, reserved 1048576K
Event: 9.113 GC heap after
Heap after GC invocations=7 (full 0):
 PSYoungGen      total 72192K, used 9696K [0x00000000eab00000, 0x00000000efc00000, 0x0000000100000000)
  eden space 62464K, 0% used [0x00000000eab00000,0x00000000eab00000,0x00000000ee800000)
  from space 9728K, 99% used [0x00000000ee800000,0x00000000ef178010,0x00000000ef180000)
  to   space 8704K, 0% used [0x00000000ef180000,0x00000000ef180000,0x00000000efa00000)
 ParOldGen       total 42496K, used 16503K [0x00000000c0000000, 0x00000000c2980000, 0x00000000eab00000)
  object space 42496K, 38% used [0x00000000c0000000,0x00000000c101dee0,0x00000000c2980000)
 Metaspace       used 6481K, capacity 7256K, committed 7424K, reserved 1056768K
  class space    used 616K, capacity 656K, committed 768K, reserved 1048576K
}
Event: 10.626 GC heap before
{Heap before GC invocations=8 (full 0):
 PSYoungGen      total 72192K, used 72157K [0x00000000eab00000, 0x00000000efc00000, 0x0000000100000000)
  eden space 62464K, 99% used [0x00000000eab00000,0x00000000ee7ff5c8,0x00000000ee800000)
  from space 9728K, 99% used [0x00000000ee800000,0x00000000ef178010,0x00000000ef180000)
  to   space 8704K, 0% used [0x00000000ef180000,0x00000000ef180000,0x00000000efa00000)
 ParOldGen       total 42496K, used 16503K [0x00000000c0000000, 0x00000000c2980000, 0x00000000eab00000)
  object space 42496K, 38% used [0x00000000c0000000,0x00000000c101dee0,0x00000000c2980000)
 Metaspace       used 6506K, capacity 7256K, committed 7424K, reserved 1056768K
  class space    used 617K, capacity 656K, committed 768K, reserved 1048576K
Event: 10.818 GC heap after
Heap after GC invocations=8 (full 0):
 PSYoungGen      total 71168K, used 8672K [0x00000000eab00000, 0x00000000efc00000, 0x0000000100000000)
  eden space 62464K, 0% used [0x00000000eab00000,0x00000000eab00000,0x00000000ee800000)
  from space 8704K, 99% used [0x00000000ef180000,0x00000000ef9f8068,0x00000000efa00000)
  to   space 9728K, 0% used [0x00000000ee800000,0x00000000ee800000,0x00000000ef180000)
 ParOldGen       total 42496K, used 28976K [0x00000000c0000000, 0x00000000c2980000, 0x00000000eab00000)
  object space 42496K, 68% used [0x00000000c0000000,0x00000000c1c4c240,0x00000000c2980000)
 Metaspace       used 6506K, capacity 7256K, committed 7424K, reserved 1056768K
  class space    used 617K, capacity 656K, committed 768K, reserved 1048576K
}

Deoptimization events (10 events):
Event: 7.541 Thread 0x00000000179af800 Uncommon trap: reason=class_check action=maybe_recompile pc=0x0000000003372b70 method=java.util.HashMap.putVal(ILjava/lang/Object;Ljava/lang/Object;ZZ)Ljava/lang/Object; @ 203
Event: 7.541 Thread 0x00000000179af800 Uncommon trap: reason=class_check action=maybe_recompile pc=0x0000000003372b70 method=java.util.HashMap.putVal(ILjava/lang/Object;Ljava/lang/Object;ZZ)Ljava/lang/Object; @ 203
Event: 7.544 Thread 0x00000000179af800 Uncommon trap: reason=bimorphic action=maybe_recompile pc=0x00000000035ab024 method=com.android.dx.ssa.SCCP.simulatePhi(Lcom/android/dx/ssa/PhiInsn;)V @ 124
Event: 7.544 Thread 0x00000000179af800 Uncommon trap: reason=bimorphic action=maybe_recompile pc=0x00000000035bc8f4 method=com.android.dx.ssa.SCCP.simulatePhi(Lcom/android/dx/ssa/PhiInsn;)V @ 124
Event: 7.632 Thread 0x00000000179ad000 Uncommon trap: reason=bimorphic action=maybe_recompile pc=0x00000000035ab024 method=com.android.dx.ssa.SCCP.simulatePhi(Lcom/android/dx/ssa/PhiInsn;)V @ 124
Event: 8.000 Thread 0x00000000179ad000 Uncommon trap: reason=bimorphic action=maybe_recompile pc=0x0000000003603dcc method=com.android.dx.cf.code.BytecodeArray.parseInstruction(ILcom/android/dx/cf/code/BytecodeArray$Visitor;)I @ 2484
Event: 8.000 Thread 0x00000000179ad000 Uncommon trap: reason=bimorphic action=maybe_recompile pc=0x0000000003603dcc method=com.android.dx.cf.code.BytecodeArray.parseInstruction(ILcom/android/dx/cf/code/BytecodeArray$Visitor;)I @ 2484
Event: 10.204 Thread 0x00000000179ad000 Uncommon trap: reason=unreached action=reinterpret pc=0x00000000033aa274 method=java.util.HashMap.putVal(ILjava/lang/Object;Ljava/lang/Object;ZZ)Ljava/lang/Object; @ 109
Event: 10.218 Thread 0x00000000179ad000 Uncommon trap: reason=unreached action=reinterpret pc=0x00000000035ed3bc method=java.util.HashMap.putVal(ILjava/lang/Object;Ljava/lang/Object;ZZ)Ljava/lang/Object; @ 109
Event: 10.543 Thread 0x00000000179af000 Uncommon trap: reason=unreached action=reinterpret pc=0x00000000033e620c method=com.android.dx.ssa.MoveParamCombiner$1.visitNonMoveInsn(Lcom/android/dx/ssa/NormalSsaInsn;)V @ 27

Internal exceptions (10 events):
Event: 4.582 Thread 0x0000000002c8e000 Exception <a 'java/security/PrivilegedActionException'> (0x00000000eaeb53a0) thrown at [D:\re\workspace\8-2-build-windows-amd64-cygwin\jdk8u20\1074\hotspot\src\share\vm\prims\jvm.cpp, line 1275]
Event: 5.172 Thread 0x00000000179af800 Exception <a 'java/security/PrivilegedActionException'> (0x00000000eb1072f0) thrown at [D:\re\workspace\8-2-build-windows-amd64-cygwin\jdk8u20\1074\hotspot\src\share\vm\prims\jvm.cpp, line 1275]
Event: 5.173 Thread 0x00000000179af800 Exception <a 'java/security/PrivilegedActionException'> (0x00000000eb10d140) thrown at [D:\re\workspace\8-2-build-windows-amd64-cygwin\jdk8u20\1074\hotspot\src\share\vm\prims\jvm.cpp, line 1275]
Event: 5.174 Thread 0x00000000179af800 Exception <a 'java/security/PrivilegedActionException'> (0x00000000eb112d58) thrown at [D:\re\workspace\8-2-build-windows-amd64-cygwin\jdk8u20\1074\hotspot\src\share\vm\prims\jvm.cpp, line 1275]
Event: 5.477 Thread 0x0000000002c8e000 Exception <a 'java/security/PrivilegedActionException'> (0x00000000ec5082d8) thrown at [D:\re\workspace\8-2-build-windows-amd64-cygwin\jdk8u20\1074\hotspot\src\share\vm\prims\jvm.cpp, line 1275]
Event: 6.226 Thread 0x00000000179ad000 Exception <a 'java/security/PrivilegedActionException'> (0x00000000eb687620) thrown at [D:\re\workspace\8-2-build-windows-amd64-cygwin\jdk8u20\1074\hotspot\src\share\vm\prims\jvm.cpp, line 1275]
Event: 7.031 Thread 0x00000000179af800 Exception <a 'java/lang/ArrayIndexOutOfBoundsException': 18> (0x00000000ead3c440) thrown at [D:\re\workspace\8-2-build-windows-amd64-cygwin\jdk8u20\1074\hotspot\src\share\vm\interpreter\interpreterRuntime.cpp, line 366]
Event: 7.032 Thread 0x00000000179af800 Exception <a 'java/lang/ArrayIndexOutOfBoundsException'> (0x00000000ead3ded8) thrown at [D:\re\workspace\8-2-build-windows-amd64-cygwin\jdk8u20\1074\hotspot\src\share\vm\runtime\sharedRuntime.cpp, line 604]
Event: 7.034 Thread 0x00000000179af800 Exception <a 'java/lang/ArrayIndexOutOfBoundsException'> (0x00000000ead3f0f0) thrown at [D:\re\workspace\8-2-build-windows-amd64-cygwin\jdk8u20\1074\hotspot\src\share\vm\runtime\sharedRuntime.cpp, line 604]
Event: 9.991 Thread 0x00000000179af800 Exception <a 'java/security/PrivilegedActionException'> (0x00000000eb5d84b0) thrown at [D:\re\workspace\8-2-build-windows-amd64-cygwin\jdk8u20\1074\hotspot\src\share\vm\prims\jvm.cpp, line 1275]

Events (10 events):
Event: 10.277 Thread 0x0000000002c8e000 DEOPT UNPACKING pc=0x0000000002ed75bf sp=0x0000000002d8e560 mode 0
Event: 10.543 Thread 0x00000000179af000 Uncommon trap: trap_request=0xffffffad fr.pc=0x00000000033e620c
Event: 10.543 Thread 0x00000000179af000 DEOPT PACKING pc=0x00000000033e620c sp=0x0000000018f8e920
Event: 10.543 Thread 0x00000000179af000 DEOPT UNPACKING pc=0x0000000002ed556a sp=0x0000000018f8e878 mode 2
Event: 10.558 Thread 0x0000000017abe000 DEOPT PACKING pc=0x000000000332a810 sp=0x0000000018c8eaf0
Event: 10.558 Thread 0x0000000017abe000 DEOPT UNPACKING pc=0x0000000002ed75bf sp=0x0000000018c8e920 mode 0
Event: 10.561 Thread 0x0000000017abe000 DEOPT PACKING pc=0x0000000003321906 sp=0x0000000018c8eb90
Event: 10.561 Thread 0x0000000017abe000 DEOPT UNPACKING pc=0x0000000002ed75bf sp=0x0000000018c8e950 mode 0
Event: 10.586 Executing VM operation: ParallelGCFailedAllocation
Event: 10.818 Executing VM operation: ParallelGCFailedAllocation done


Dynamic libraries:
0x00007ff71ddf0000 - 0x00007ff71de24000 	C:\Program Files\Java\jdk1.8.0_20\bin\java.exe
0x00007ff802400000 - 0x00007ff8025aa000 	C:\WINDOWS\SYSTEM32\ntdll.dll
0x00007ff801aa0000 - 0x00007ff801bda000 	C:\WINDOWS\system32\KERNEL32.DLL
0x00007fffffa10000 - 0x00007fffffb1f000 	C:\WINDOWS\system32\KERNELBASE.dll
0x00007ffffe380000 - 0x00007ffffe408000 	C:\WINDOWS\system32\apphelp.dll
0x00007ffff2a90000 - 0x00007ffff2adf000 	C:\WINDOWS\AppPatch\AppPatch64\AcGenral.DLL
0x00007fffffd50000 - 0x00007fffffdf7000 	C:\WINDOWS\system32\msvcrt.dll
0x00007fffff530000 - 0x00007fffff55b000 	C:\WINDOWS\SYSTEM32\SspiCli.dll
0x00007ff8020b0000 - 0x00007ff802101000 	C:\WINDOWS\system32\SHLWAPI.dll
0x00007ff801d30000 - 0x00007ff801ea1000 	C:\WINDOWS\system32\USER32.dll
0x00007fffffbd0000 - 0x00007fffffd48000 	C:\WINDOWS\system32\ole32.dll
0x00007ff800400000 - 0x00007ff80181f000 	C:\WINDOWS\system32\SHELL32.dll
0x00007ffffed60000 - 0x00007ffffed7e000 	C:\WINDOWS\SYSTEM32\USERENV.dll
0x00007ff8000d0000 - 0x00007ff800175000 	C:\WINDOWS\system32\ADVAPI32.dll
0x00007ffff4ed0000 - 0x00007ffff4eeb000 	C:\WINDOWS\SYSTEM32\MPR.dll
0x00007ff801880000 - 0x00007ff8019b7000 	C:\WINDOWS\system32\RPCRT4.dll
0x00007ff801be0000 - 0x00007ff801c37000 	C:\WINDOWS\SYSTEM32\sechost.dll
0x00007fffffe00000 - 0x00007ffffffd6000 	C:\WINDOWS\SYSTEM32\combase.dll
0x00007ff8022b0000 - 0x00007ff8023f4000 	C:\WINDOWS\system32\GDI32.dll
0x00007fffff750000 - 0x00007fffff764000 	C:\WINDOWS\SYSTEM32\profapi.dll
0x00007ffffde80000 - 0x00007ffffdf1f000 	C:\WINDOWS\SYSTEM32\SHCORE.dll
0x00007ff800090000 - 0x00007ff8000c4000 	C:\WINDOWS\system32\IMM32.DLL
0x00007ff801eb0000 - 0x00007ff801fe9000 	C:\WINDOWS\system32\MSCTF.dll
0x00007ffffd5d0000 - 0x00007ffffd82a000 	C:\WINDOWS\WinSxS\amd64_microsoft.windows.common-controls_6595b64144ccf1df_6.0.9600.17031_none_6242a4b3ecbb55a1\COMCTL32.dll
0x0000000052fe0000 - 0x00000000530b2000 	C:\Program Files\Java\jdk1.8.0_20\jre\bin\msvcr100.dll
0x0000000051450000 - 0x0000000051ca8000 	C:\Program Files\Java\jdk1.8.0_20\jre\bin\server\jvm.dll
0x00007ffff6700000 - 0x00007ffff6709000 	C:\WINDOWS\SYSTEM32\WSOCK32.dll
0x00007ffff7db0000 - 0x00007ffff7dcf000 	C:\WINDOWS\SYSTEM32\WINMM.dll
0x00007ff8019d0000 - 0x00007ff8019d7000 	C:\WINDOWS\system32\PSAPI.DLL
0x00007ff801820000 - 0x00007ff801878000 	C:\WINDOWS\system32\WS2_32.dll
0x00007ffff7d80000 - 0x00007ffff7daa000 	C:\WINDOWS\SYSTEM32\WINMMBASE.dll
0x00007ff8019c0000 - 0x00007ff8019c9000 	C:\WINDOWS\system32\NSI.dll
0x00007ff800040000 - 0x00007ff80008a000 	C:\WINDOWS\SYSTEM32\cfgmgr32.dll
0x00007ffffe5d0000 - 0x00007ffffe5f6000 	C:\WINDOWS\SYSTEM32\DEVOBJ.dll
0x0000000052fd0000 - 0x0000000052fdf000 	C:\Program Files\Java\jdk1.8.0_20\jre\bin\verify.dll
0x0000000052fa0000 - 0x0000000052fc8000 	C:\Program Files\Java\jdk1.8.0_20\jre\bin\java.dll
0x0000000052f80000 - 0x0000000052f96000 	C:\Program Files\Java\jdk1.8.0_20\jre\bin\zip.dll
0x00007ffff6a60000 - 0x00007ffff6be8000 	C:\WINDOWS\SYSTEM32\dbghelp.dll

VM Arguments:
jvm_args: -Djava.awt.headless=true -Xmx1024M -Dfile.encoding=x-windows-949 -Duser.country=KR -Duser.language=ko -Duser.variant 
java_command: com.android.dx.command.Main --dex --force-jumbo --num-threads=4 --output C:\Users\rukeon01\Desktop\Chatting\app\build\intermediates\pre-dexed\debug\com.google.android.gms-play-services-ads-8.4.0_e65a8106783daec2c114b579b632c5bdba8b15f9.jar C:\Users\rukeon01\Desktop\Chatting\app\build\intermediates\exploded-aar\com.google.android.gms\play-services-ads\8.4.0\jars\classes.jar
java_class_path (initial): C:\development\adt-bundle-windows-x86_64-20140702\adt-bundle-windows-x86_64-20140702\sdk\build-tools\23.0.3\lib\dx.jar
Launcher Type: SUN_STANDARD

Environment Variables:
JAVA_HOME=C:\Program Files\Java\jdk1.8.0_20
CLASSPATH=.;C:\Program Files (x86)\Java\jre7\lib\ext\QTJava.zip
PATH=C:\oraclexe\app\oracle\product\11.2.0\server\bin;C:\ProgramData\Oracle\Java\javapath;C:\Program Files (x86)\NVIDIA Corporation\PhysX\Common;C:\Program Files (x86)\Intel\iCLS Client\;C:\Program Files\Intel\iCLS Client\;C:\WINDOWS\system32;C:\WINDOWS;C:\WINDOWS\System32\Wbem;C:\WINDOWS\System32\WindowsPowerShell\v1.0\;C:\Program Files (x86)\Windows Live\Shared;C:\Program Files\Intel\Intel(R) Management Engine Components\DAL;C:\Program Files\Intel\Intel(R) Management Engine Components\IPT;C:\Program Files (x86)\Intel\Intel(R) Management Engine Components\DAL;C:\Program Files (x86)\Intel\Intel(R) Management Engine Components\IPT;C:\Program Files\Intel\WiFi\bin\;C:\Program Files\Common Files\Intel\WirelessCommon\;C:\Program Files (x86)\Intel\OpenCL SDK\2.0\bin\x86;C:\Program Files (x86)\Intel\OpenCL SDK\2.0\bin\x64;c:\Program Files (x86)\Microsoft SQL Server\100\Tools\Binn\;c:\Program Files\Microsoft SQL Server\100\Tools\Binn\;c:\Program Files\Microsoft SQL Server\100\DTS\Binn\;C:\Python27;C:\Python27\Scripts;C:\Program Files (x86)\Google\google_appengine;C:\Program Files (x86)\QuickTime\QTSystem\;C:\\bin;C:\Program Files (x86)\sbt\\bin;C:\SMLNJ\bin\;C:\Program Files\GDAL;C:\Program Files\MATLAB\R2015b\bin;C:\Program Files\PostgreSQL\9.5\bin;C:\Program Files (x86)\Heroku\bin
USERNAME=rukeon01
OS=Windows_NT
PROCESSOR_IDENTIFIER=Intel64 Family 6 Model 58 Stepping 9, GenuineIntel



---------------  S Y S T E M  ---------------

OS: Windows 8.1 , 64 bit Build 9600 

CPU:total 4 (2 cores per cpu, 2 threads per core) family 6 model 58 stepping 9, cmov, cx8, fxsr, mmx, sse, sse2, sse3, ssse3, sse4.1, sse4.2, popcnt, avx, clmul, erms, ht, tsc, tscinvbit, tscinv

Memory: 4k page, physical 4050184k(196788k free), swap 7195912k(7520k free)

vm_info: Java HotSpot(TM) 64-Bit Server VM (25.20-b23) for windows-amd64 JRE (1.8.0_20-b26), built on Jul 30 2014 13:51:23 by "java_re" with MS VC++ 10.0 (VS2010)

time: Sat Jul 09 23:16:24 2016
elapsed time: 10 seconds (0d 0h 0m 10s)

