#
# There is insufficient memory for the Java Runtime Environment to continue.
# Native memory allocation (malloc) failed to allocate 2992 bytes for AllocateHeap
# Possible reasons:
#   The system is out of physical RAM or swap space
#   In 32 bit mode, the process size limit was hit
# Possible solutions:
#   Reduce memory load on the system
#   Increase physical memory or swap space
#   Check if swap backing store is full
#   Use 64 bit Java on a 64 bit OS
#   Decrease Java heap size (-Xmx/-Xms)
#   Decrease number of Java threads
#   Decrease Java thread stack sizes (-Xss)
#   Set larger code cache with -XX:ReservedCodeCacheSize=
# This output file may be truncated or incomplete.
#
#  Out of Memory Error (memory/allocation.inline.hpp:62), pid=11636, tid=11024
#
# JRE version: Java(TM) SE Runtime Environment (8.0_20-b26) (build 1.8.0_20-b26)
# Java VM: Java HotSpot(TM) 64-Bit Server VM (25.20-b23 mixed mode windows-amd64 compressed oops)
# Failed to write core dump. Minidumps are not enabled by default on client versions of Windows
#

---------------  T H R E A D  ---------------

Current thread (0x000000000055e000):  JavaThread "main" [_thread_in_vm, id=11024, stack(0x0000000001e20000,0x0000000001f20000)]

Stack: [0x0000000001e20000,0x0000000001f20000]
Native frames: (J=compiled Java code, j=interpreted, Vv=VM code, C=native code)
V  [jvm.dll+0x3152fa]
V  [jvm.dll+0x265d03]
V  [jvm.dll+0x266943]
V  [jvm.dll+0x25e265]
V  [jvm.dll+0x2233e0]
V  [jvm.dll+0x210ecd]
V  [jvm.dll+0x240261]
V  [jvm.dll+0x22a592]
V  [jvm.dll+0x14c6f1]
C  [java.exe+0x20b6]
C  [java.exe+0xc9bb]
C  [java.exe+0xca4f]
C  [KERNEL32.DLL+0x16ad]
C  [ntdll.dll+0x734a5]


---------------  P R O C E S S  ---------------

Java Threads: ( => current thread )
  0x00000000160f3800 JavaThread "C1 CompilerThread2" daemon [_thread_blocked, id=9024, stack(0x00000000165a0000,0x00000000166a0000)]
  0x00000000160ef800 JavaThread "C2 CompilerThread1" daemon [_thread_blocked, id=14676, stack(0x00000000164a0000,0x00000000165a0000)]
  0x0000000014a9a000 JavaThread "C2 CompilerThread0" daemon [_thread_blocked, id=11488, stack(0x0000000015fa0000,0x00000000160a0000)]
  0x0000000014a99000 JavaThread "Attach Listener" daemon [_thread_blocked, id=7104, stack(0x0000000015ea0000,0x0000000015fa0000)]
  0x0000000014a98800 JavaThread "Signal Dispatcher" daemon [_thread_blocked, id=15924, stack(0x0000000015da0000,0x0000000015ea0000)]
  0x0000000002366800 JavaThread "Finalizer" daemon [_thread_blocked, id=5924, stack(0x0000000015ca0000,0x0000000015da0000)]
  0x000000000235f800 JavaThread "Reference Handler" daemon [_thread_blocked, id=8736, stack(0x0000000015ba0000,0x0000000015ca0000)]
=>0x000000000055e000 JavaThread "main" [_thread_in_vm, id=11024, stack(0x0000000001e20000,0x0000000001f20000)]

Other Threads:
  0x0000000014a06800 VMThread [stack: 0x0000000015aa0000,0x0000000015ba0000] [id=2120]

VM state:not at safepoint (normal execution)

VM Mutex/Monitor currently owned by a thread:  ([mutex/lock_event])
[0x000000000055cfa0] Threads_lock - owner thread: 0x000000000055e000

Heap:
 PSYoungGen      total 18432K, used 952K [0x00000000eab00000, 0x00000000ebf80000, 0x0000000100000000)
  eden space 15872K, 6% used [0x00000000eab00000,0x00000000eabee398,0x00000000eba80000)
  from space 2560K, 0% used [0x00000000ebd00000,0x00000000ebd00000,0x00000000ebf80000)
  to   space 2560K, 0% used [0x00000000eba80000,0x00000000eba80000,0x00000000ebd00000)
 ParOldGen       total 42496K, used 0K [0x00000000c0000000, 0x00000000c2980000, 0x00000000eab00000)
  object space 42496K, 0% used [0x00000000c0000000,0x00000000c0000000,0x00000000c2980000)
 Metaspace       used 2236K, capacity 4480K, committed 4480K, reserved 1056768K
  class space    used 242K, capacity 384K, committed 384K, reserved 1048576K

Card table byte_map: [0x0000000011730000,0x0000000011940000] byte_map_base: 0x0000000011130000

Marking Bits: (ParMarkBitMap*) 0x0000000051c2b460
 Begin Bits: [0x0000000011ea0000, 0x0000000012ea0000)
 End Bits:   [0x0000000012ea0000, 0x0000000013ea0000)

Polling page: 0x0000000001f20000

CodeCache: size=245760Kb used=1057Kb max_used=1057Kb free=244702Kb
 bounds [0x0000000002370000, 0x00000000025e0000, 0x0000000011370000]
 total_blobs=221 nmethods=1 adapters=135
 compilation: enabled

Compilation events (2 events):
Event: 4.416 Thread 0x00000000160f3800    1       3       java.lang.String::hashCode (55 bytes)
Event: 4.416 Thread 0x00000000160f3800 nmethod 1 0x0000000002470150 code [0x00000000024702c0, 0x0000000002470550]

GC Heap History (0 events):
No events

Deoptimization events (0 events):
No events

Internal exceptions (2 events):
Event: 3.038 Thread 0x000000000055e000 Exception <a 'java/lang/NoSuchMethodError': Method sun.misc.Unsafe.defineClass(Ljava/lang/String;[BII)Ljava/lang/Class; name or signature does not match> (0x00000000eab12150) thrown at [D:\re\workspace\8-2-build-windows-amd64-cygwin\jdk8u20\1074\hotspot\sry‚›ÐN@
Event: 3.038 Thread 0x000000000055e000 Exception <a 'java/lang/NoSuchMethodError': Method sun.misc.Unsafe.prefetchRead(Ljava/lang/Object;J)V name or signature does not match> (0x00000000eab123e0) thrown at [D:\re\workspace\8-2-build-windows-amd64-cygwin\jdk8u20\1074\hotspot\src\share\vm\prims\j

Events (10 events):
Event: 4.416 loading class java/lang/invoke/MethodTypeForm
Event: 4.416 loading class java/lang/invoke/MethodTypeForm done
Event: 4.416 loading class java/lang/invoke/Invokers
Event: 4.417 loading class java/lang/invoke/Invokers done
Event: 4.417 loading class java/lang/invoke/MethodType$ConcurrentWeakInternSet$WeakEntry
Event: 4.417 loading class java/lang/invoke/MethodType$ConcurrentWeakInternSet$WeakEntry done
Event: 4.417 loading class java/lang/Void
Event: 4.417 loading class java/lang/Void done
Event: 4.417 loading class java/lang/IllegalAccessException
Event: 4.417 loading class java/lang/IllegalAccessException done


Dynamic libraries:
0x00007ff71ddf0000 - 0x00007ff71de24000 	C:\Program Files\Java\jdk1.8.0_20\bin\java.exe
0x00007ff802400000 - 0x00007ff8025aa000 	C:\WINDOWS\SYSTEM32\ntdll.dll
0x00007ff801aa0000 - 0x00007ff801bda000 	C:\WINDOWS\system32\KERNEL32.DLL
0x00007fffffa10000 - 0x00007fffffb1f000 	C:\WINDOWS\system32\KERNELBASE.dll
0x00007ffffe380000 - 0x00007ffffe408000 	C:\WINDOWS\system32\apphelp.dll
0x00007ffff2a90000 - 0x00007ffff2adf000 	C:\WINDOWS\AppPatch\AppPatch64\AcGenral.DLL
0x00007fffffd50000 - 0x00007fffffdf7000 	C:\WINDOWS\system32\msvcrt.dll
0x00007fffff530000 - 0x00007fffff55b000 	C:\WINDOWS\SYSTEM32\SspiCli.dll
0x00007ff8020b0000 - 0x00007ff802101000 	C:\WINDOWS\system32\SHLWAPI.dll
0x00007ff801d30000 - 0x00007ff801ea1000 	C:\WINDOWS\system32\USER32.dll
0x00007fffffbd0000 - 0x00007fffffd48000 	C:\WINDOWS\system32\ole32.dll
0x00007ff800400000 - 0x00007ff80181f000 	C:\WINDOWS\system32\SHELL32.dll
0x00007ffffed60000 - 0x00007ffffed7e000 	C:\WINDOWS\SYSTEM32\USERENV.dll
0x00007ff8000d0000 - 0x00007ff800175000 	C:\WINDOWS\system32\ADVAPI32.dll
0x00007ffff4ed0000 - 0x00007ffff4eeb000 	C:\WINDOWS\SYSTEM32\MPR.dll
0x00007ff801880000 - 0x00007ff8019b7000 	C:\WINDOWS\system32\RPCRT4.dll
0x00007ff801be0000 - 0x00007ff801c37000 	C:\WINDOWS\SYSTEM32\sechost.dll
0x00007fffffe00000 - 0x00007ffffffd6000 	C:\WINDOWS\SYSTEM32\combase.dll
0x00007ff8022b0000 - 0x00007ff8023f4000 	C:\WINDOWS\system32\GDI32.dll
0x00007fffff750000 - 0x00007fffff764000 	C:\WINDOWS\SYSTEM32\profapi.dll
0x00007ffffde80000 - 0x00007ffffdf1f000 	C:\WINDOWS\SYSTEM32\SHCORE.dll
0x00007ff800090000 - 0x00007ff8000c4000 	C:\WINDOWS\system32\IMM32.DLL
0x00007ff801eb0000 - 0x00007ff801fe9000 	C:\WINDOWS\system32\MSCTF.dll
0x00007ffffd5d0000 - 0x00007ffffd82a000 	C:\WINDOWS\WinSxS\amd64_microsoft.windows.common-controls_6595b64144ccf1df_6.0.9600.17031_none_6242a4b3ecbb55a1\COMCTL32.dll
0x0000000052fe0000 - 0x00000000530b2000 	C:\Program Files\Java\jdk1.8.0_20\jre\bin\msvcr100.dll
0x0000000051450000 - 0x0000000051ca8000 	C:\Program Files\Java\jdk1.8.0_20\jre\bin\server\jvm.dll
0x00007ffff6700000 - 0x00007ffff6709000 	C:\WINDOWS\SYSTEM32\WSOCK32.dll
0x00007ffff7db0000 - 0x00007ffff7dcf000 	C:\WINDOWS\SYSTEM32\WINMM.dll
0x00007ff8019d0000 - 0x00007ff8019d7000 	C:\WINDOWS\system32\PSAPI.DLL
0x00007ff801820000 - 0x00007ff801878000 	C:\WINDOWS\system32\WS2_32.dll
0x00007ffff7d80000 - 0x00007ffff7daa000 	C:\WINDOWS\SYSTEM32\WINMMBASE.dll
0x00007ff8019c0000 - 0x00007ff8019c9000 	C:\WINDOWS\system32\NSI.dll
0x00007ff800040000 - 0x00007ff80008a000 	C:\WINDOWS\SYSTEM32\cfgmgr32.dll
0x00007ffffe5d0000 - 0x00007ffffe5f6000 	C:\WINDOWS\SYSTEM32\DEVOBJ.dll
0x0000000052fd0000 - 0x0000000052fdf000 	C:\Program Files\Java\jdk1.8.0_20\jre\bin\verify.dll
0x0000000052fa0000 - 0x0000000052fc8000 	C:\Program Files\Java\jdk1.8.0_20\jre\bin\java.dll
0x0000000052f80000 - 0x0000000052f96000 	C:\Program Files\Java\jdk1.8.0_20\jre\bin\zip.dll
0x00007ffff6a60000 - 0x00007ffff6be8000 	C:\WINDOWS\SYSTEM32\dbghelp.dll

VM Arguments:
jvm_args: -Djava.awt.headless=true -Xmx1024M -Dfile.encoding=x-windows-949 -Duser.country=KR -Duser.language=ko -Duser.variant 
java_command: com.android.dx.command.Main --dex --force-jumbo --num-threads=4 --output C:\Users\rukeon01\Desktop\Chatting\app\build\intermediates\pre-dexed\debug\com.google.android.gms-play-services-safetynet-8.4.0_ef87c3b3bf25d3d34895c605ea11f891cba79947.jar C:\Users\rukeon01\Desktop\Chatting\app\build\intermediates\exploded-aar\com.google.android.gms\play-services-safetynet\8.4.0\jars\classes.jar
java_class_path (initial): C:\development\adt-bundle-windows-x86_64-20140702\adt-bundle-windows-x86_64-20140702\sdk\build-tools\23.0.3\lib\dx.jar
Launcher Type: SUN_STANDARD

Environment Variables:
JAVA_HOME=C:\Program Files\Java\jdk1.8.0_20
CLASSPATH=.;C:\Program Files (x86)\Java\jre7\lib\ext\QTJava.zip
PATH=C:\oraclexe\app\oracle\product\11.2.0\server\bin;C:\ProgramData\Oracle\Java\javapath;C:\Program Files (x86)\NVIDIA Corporation\PhysX\Common;C:\Program Files (x86)\Intel\iCLS Client\;C:\Program Files\Intel\iCLS Client\;C:\WINDOWS\system32;C:\WINDOWS;C:\WINDOWS\System32\Wbem;C:\WINDOWS\System32\WindowsPowerShell\v1.0\;C:\Program Files (x86)\Windows Live\Shared;C:\Program Files\Intel\Intel(R) Management Engine Components\DAL;C:\Program Files\Intel\Intel(R) Management Engine Components\IPT;C:\Program Files (x86)\Intel\Intel(R) Management Engine Components\DAL;C:\Program Files (x86)\Intel\Intel(R) Management Engine Components\IPT;C:\Program Files\Intel\WiFi\bin\;C:\Program Files\Common Files\Intel\WirelessCommon\;C:\Program Files (x86)\Intel\OpenCL SDK\2.0\bin\x86;C:\Program Files (x86)\Intel\OpenCL SDK\2.0\bin\x64;c:\Program Files (x86)\Microsoft SQL Server\100\Tools\Binn\;c:\Program Files\Microsoft SQL Server\100\Tools\Binn\;c:\Program Files\Microsoft SQL Server\100\DTS\Binn\;C:\Python27;C:\Python27\Scripts;C:\Program Files (x86)\Google\google_appengine;C:\Program Files (x86)\QuickTime\QTSystem\;C:\\bin;C:\Program Files (x86)\sbt\\bin;C:\SMLNJ\bin\;C:\Program Files\GDAL;C:\Program Files\MATLAB\R2015b\bin;C:\Program Files\PostgreSQL\9.5\bin;C:\Program Files (x86)\Heroku\bin
USERNAME=rukeon01
OS=Windows_NT
PROCESSOR_IDENTIFIER=Intel64 Family 6 Model 58 Stepping 9, GenuineIntel



---------------  S Y S T E M  ---------------

OS: Windows 8.1 , 64 bit Build 9600 

CPU:total 4 (2 cores per cpu, 2 threads per core) family 6 model 58 stepping 9, cmov, cx8, fxsr, mmx, sse, sse2, sse3, ssse3, sse4.1, sse4.2, popcnt, avx, clmul, erms, ht, tsc, tscinvbit, tscinv

Memory: 4k page, physical 4050184k(589900k free), swap 7195912k(716732k free)

vm_info: Java HotSpot(TM) 64-Bit Server VM (25.20-b23) for windows-amd64 JRE (1.8.0_20-b26), built on Jul 30 2014 13:51:23 by "java_re" with MS VC++ 10.0 (VS2010)

time: Sat Jul 09 23:16:25 2016
elapsed time: 4 seconds (0d 0h 0m 4s)

